[2023-02-20 13:05:39,543] {processor.py:153} INFO - Started process (PID=171) to work on /home/airflow/dags/lowest_rated_movies.py
[2023-02-20 13:05:39,551] {processor.py:641} INFO - Processing file /home/airflow/dags/lowest_rated_movies.py for tasks to queue
[2023-02-20 13:05:39,553] {logging_mixin.py:115} INFO - [2023-02-20 13:05:39,553] {dagbag.py:507} INFO - Filling up the DagBag from /home/airflow/dags/lowest_rated_movies.py
[2023-02-20 13:05:40,150] {processor.py:651} INFO - DAG(s) dict_keys(['lowest_rated_movies']) retrieved from /home/airflow/dags/lowest_rated_movies.py
[2023-02-20 13:05:41,423] {logging_mixin.py:115} INFO - [2023-02-20 13:05:41,423] {manager.py:508} INFO - Created Permission View: can delete on DAG:lowest_rated_movies
[2023-02-20 13:05:41,439] {logging_mixin.py:115} INFO - [2023-02-20 13:05:41,438] {manager.py:508} INFO - Created Permission View: can edit on DAG:lowest_rated_movies
[2023-02-20 13:05:41,453] {logging_mixin.py:115} INFO - [2023-02-20 13:05:41,453] {manager.py:508} INFO - Created Permission View: can read on DAG:lowest_rated_movies
[2023-02-20 13:05:41,455] {logging_mixin.py:115} INFO - [2023-02-20 13:05:41,455] {dag.py:2379} INFO - Sync 1 DAGs
[2023-02-20 13:05:41,719] {logging_mixin.py:115} INFO - [2023-02-20 13:05:41,719] {dag.py:2398} INFO - Creating ORM DAG for lowest_rated_movies
[2023-02-20 13:05:41,814] {logging_mixin.py:115} INFO - [2023-02-20 13:05:41,814] {dag.py:2931} INFO - Setting next_dagrun for lowest_rated_movies to None, run_after=None
[2023-02-20 13:05:41,952] {processor.py:161} INFO - Processing /home/airflow/dags/lowest_rated_movies.py took 2.539 seconds
[2023-02-20 13:06:13,966] {processor.py:153} INFO - Started process (PID=181) to work on /home/airflow/dags/lowest_rated_movies.py
[2023-02-20 13:06:14,002] {processor.py:641} INFO - Processing file /home/airflow/dags/lowest_rated_movies.py for tasks to queue
[2023-02-20 13:06:14,041] {logging_mixin.py:115} INFO - [2023-02-20 13:06:14,035] {dagbag.py:507} INFO - Filling up the DagBag from /home/airflow/dags/lowest_rated_movies.py
[2023-02-20 13:06:14,752] {processor.py:651} INFO - DAG(s) dict_keys(['lowest_rated_movies']) retrieved from /home/airflow/dags/lowest_rated_movies.py
[2023-02-20 13:06:15,161] {logging_mixin.py:115} INFO - [2023-02-20 13:06:15,161] {dag.py:2379} INFO - Sync 1 DAGs
[2023-02-20 13:06:15,450] {logging_mixin.py:115} INFO - [2023-02-20 13:06:15,449] {dag.py:2931} INFO - Setting next_dagrun for lowest_rated_movies to None, run_after=None
[2023-02-20 13:06:15,551] {processor.py:161} INFO - Processing /home/airflow/dags/lowest_rated_movies.py took 1.711 seconds
[2023-02-20 13:06:46,714] {processor.py:153} INFO - Started process (PID=191) to work on /home/airflow/dags/lowest_rated_movies.py
[2023-02-20 13:06:46,748] {processor.py:641} INFO - Processing file /home/airflow/dags/lowest_rated_movies.py for tasks to queue
[2023-02-20 13:06:46,766] {logging_mixin.py:115} INFO - [2023-02-20 13:06:46,764] {dagbag.py:507} INFO - Filling up the DagBag from /home/airflow/dags/lowest_rated_movies.py
[2023-02-20 13:06:47,354] {processor.py:651} INFO - DAG(s) dict_keys(['lowest_rated_movies']) retrieved from /home/airflow/dags/lowest_rated_movies.py
[2023-02-20 13:06:47,675] {logging_mixin.py:115} INFO - [2023-02-20 13:06:47,675] {dag.py:2379} INFO - Sync 1 DAGs
[2023-02-20 13:06:47,879] {logging_mixin.py:115} INFO - [2023-02-20 13:06:47,879] {dag.py:2931} INFO - Setting next_dagrun for lowest_rated_movies to None, run_after=None
[2023-02-20 13:06:47,935] {processor.py:161} INFO - Processing /home/airflow/dags/lowest_rated_movies.py took 1.289 seconds
[2023-02-20 13:07:19,679] {processor.py:153} INFO - Started process (PID=201) to work on /home/airflow/dags/lowest_rated_movies.py
[2023-02-20 13:07:19,684] {processor.py:641} INFO - Processing file /home/airflow/dags/lowest_rated_movies.py for tasks to queue
[2023-02-20 13:07:19,689] {logging_mixin.py:115} INFO - [2023-02-20 13:07:19,688] {dagbag.py:507} INFO - Filling up the DagBag from /home/airflow/dags/lowest_rated_movies.py
[2023-02-20 13:07:20,652] {processor.py:651} INFO - DAG(s) dict_keys(['lowest_rated_movies']) retrieved from /home/airflow/dags/lowest_rated_movies.py
[2023-02-20 13:07:21,141] {logging_mixin.py:115} INFO - [2023-02-20 13:07:21,141] {dag.py:2379} INFO - Sync 1 DAGs
[2023-02-20 13:07:21,278] {logging_mixin.py:115} INFO - [2023-02-20 13:07:21,278] {dag.py:2931} INFO - Setting next_dagrun for lowest_rated_movies to None, run_after=None
[2023-02-20 13:07:21,376] {processor.py:161} INFO - Processing /home/airflow/dags/lowest_rated_movies.py took 1.846 seconds
[2023-02-20 13:07:55,691] {processor.py:153} INFO - Started process (PID=211) to work on /home/airflow/dags/lowest_rated_movies.py
[2023-02-20 13:07:55,719] {processor.py:641} INFO - Processing file /home/airflow/dags/lowest_rated_movies.py for tasks to queue
[2023-02-20 13:07:55,763] {logging_mixin.py:115} INFO - [2023-02-20 13:07:55,757] {dagbag.py:507} INFO - Filling up the DagBag from /home/airflow/dags/lowest_rated_movies.py
[2023-02-20 13:07:57,102] {processor.py:651} INFO - DAG(s) dict_keys(['lowest_rated_movies']) retrieved from /home/airflow/dags/lowest_rated_movies.py
[2023-02-20 13:07:57,369] {logging_mixin.py:115} INFO - [2023-02-20 13:07:57,369] {dag.py:2379} INFO - Sync 1 DAGs
[2023-02-20 13:07:57,465] {logging_mixin.py:115} INFO - [2023-02-20 13:07:57,465] {dag.py:2931} INFO - Setting next_dagrun for lowest_rated_movies to None, run_after=None
[2023-02-20 13:07:57,499] {processor.py:161} INFO - Processing /home/airflow/dags/lowest_rated_movies.py took 2.047 seconds
[2023-02-20 13:08:30,156] {processor.py:153} INFO - Started process (PID=221) to work on /home/airflow/dags/lowest_rated_movies.py
[2023-02-20 13:08:30,220] {processor.py:641} INFO - Processing file /home/airflow/dags/lowest_rated_movies.py for tasks to queue
[2023-02-20 13:08:30,295] {logging_mixin.py:115} INFO - [2023-02-20 13:08:30,295] {dagbag.py:507} INFO - Filling up the DagBag from /home/airflow/dags/lowest_rated_movies.py
[2023-02-20 13:08:33,490] {processor.py:651} INFO - DAG(s) dict_keys(['lowest_rated_movies']) retrieved from /home/airflow/dags/lowest_rated_movies.py
[2023-02-20 13:08:34,968] {logging_mixin.py:115} INFO - [2023-02-20 13:08:34,967] {dag.py:2379} INFO - Sync 1 DAGs
[2023-02-20 13:08:35,968] {logging_mixin.py:115} INFO - [2023-02-20 13:08:35,968] {dag.py:2931} INFO - Setting next_dagrun for lowest_rated_movies to None, run_after=None
[2023-02-20 13:08:36,217] {processor.py:161} INFO - Processing /home/airflow/dags/lowest_rated_movies.py took 6.439 seconds
[2023-02-20 13:09:10,614] {processor.py:153} INFO - Started process (PID=231) to work on /home/airflow/dags/lowest_rated_movies.py
[2023-02-20 13:09:10,665] {processor.py:641} INFO - Processing file /home/airflow/dags/lowest_rated_movies.py for tasks to queue
[2023-02-20 13:09:10,729] {logging_mixin.py:115} INFO - [2023-02-20 13:09:10,720] {dagbag.py:507} INFO - Filling up the DagBag from /home/airflow/dags/lowest_rated_movies.py
[2023-02-20 13:09:13,011] {processor.py:651} INFO - DAG(s) dict_keys(['lowest_rated_movies']) retrieved from /home/airflow/dags/lowest_rated_movies.py
[2023-02-20 13:09:14,320] {logging_mixin.py:115} INFO - [2023-02-20 13:09:14,320] {dag.py:2379} INFO - Sync 1 DAGs
[2023-02-20 13:09:14,811] {logging_mixin.py:115} INFO - [2023-02-20 13:09:14,811] {dag.py:2931} INFO - Setting next_dagrun for lowest_rated_movies to None, run_after=None
[2023-02-20 13:09:14,962] {processor.py:161} INFO - Processing /home/airflow/dags/lowest_rated_movies.py took 4.790 seconds
[2023-02-20 13:09:50,048] {processor.py:153} INFO - Started process (PID=241) to work on /home/airflow/dags/lowest_rated_movies.py
[2023-02-20 13:09:50,059] {processor.py:641} INFO - Processing file /home/airflow/dags/lowest_rated_movies.py for tasks to queue
[2023-02-20 13:09:50,312] {logging_mixin.py:115} INFO - [2023-02-20 13:09:50,312] {dagbag.py:507} INFO - Filling up the DagBag from /home/airflow/dags/lowest_rated_movies.py
[2023-02-20 13:09:50,487] {processor.py:651} INFO - DAG(s) dict_keys(['lowest_rated_movies']) retrieved from /home/airflow/dags/lowest_rated_movies.py
[2023-02-20 13:09:50,796] {logging_mixin.py:115} INFO - [2023-02-20 13:09:50,796] {dag.py:2379} INFO - Sync 1 DAGs
[2023-02-20 13:09:50,994] {logging_mixin.py:115} INFO - [2023-02-20 13:09:50,994] {dag.py:2931} INFO - Setting next_dagrun for lowest_rated_movies to None, run_after=None
[2023-02-20 13:09:51,070] {processor.py:161} INFO - Processing /home/airflow/dags/lowest_rated_movies.py took 1.101 seconds
[2023-02-20 13:10:24,371] {processor.py:153} INFO - Started process (PID=251) to work on /home/airflow/dags/lowest_rated_movies.py
[2023-02-20 13:10:24,487] {processor.py:641} INFO - Processing file /home/airflow/dags/lowest_rated_movies.py for tasks to queue
[2023-02-20 13:10:24,953] {logging_mixin.py:115} INFO - [2023-02-20 13:10:24,947] {dagbag.py:507} INFO - Filling up the DagBag from /home/airflow/dags/lowest_rated_movies.py
[2023-02-20 13:10:25,316] {processor.py:651} INFO - DAG(s) dict_keys(['lowest_rated_movies']) retrieved from /home/airflow/dags/lowest_rated_movies.py
[2023-02-20 13:10:25,833] {logging_mixin.py:115} INFO - [2023-02-20 13:10:25,833] {dag.py:2379} INFO - Sync 1 DAGs
[2023-02-20 13:10:26,242] {logging_mixin.py:115} INFO - [2023-02-20 13:10:26,241] {dag.py:2931} INFO - Setting next_dagrun for lowest_rated_movies to None, run_after=None
[2023-02-20 13:10:26,398] {processor.py:161} INFO - Processing /home/airflow/dags/lowest_rated_movies.py took 2.227 seconds
[2023-02-20 13:11:02,800] {processor.py:153} INFO - Started process (PID=261) to work on /home/airflow/dags/lowest_rated_movies.py
[2023-02-20 13:11:02,882] {processor.py:641} INFO - Processing file /home/airflow/dags/lowest_rated_movies.py for tasks to queue
[2023-02-20 13:11:02,931] {logging_mixin.py:115} INFO - [2023-02-20 13:11:02,923] {dagbag.py:507} INFO - Filling up the DagBag from /home/airflow/dags/lowest_rated_movies.py
[2023-02-20 13:11:03,563] {processor.py:651} INFO - DAG(s) dict_keys(['lowest_rated_movies']) retrieved from /home/airflow/dags/lowest_rated_movies.py
[2023-02-20 13:11:04,079] {logging_mixin.py:115} INFO - [2023-02-20 13:11:04,079] {dag.py:2379} INFO - Sync 1 DAGs
[2023-02-20 13:11:04,302] {logging_mixin.py:115} INFO - [2023-02-20 13:11:04,302] {dag.py:2931} INFO - Setting next_dagrun for lowest_rated_movies to None, run_after=None
[2023-02-20 13:11:04,386] {processor.py:161} INFO - Processing /home/airflow/dags/lowest_rated_movies.py took 2.488 seconds
[2023-02-20 13:11:36,547] {processor.py:153} INFO - Started process (PID=271) to work on /home/airflow/dags/lowest_rated_movies.py
[2023-02-20 13:11:36,555] {processor.py:641} INFO - Processing file /home/airflow/dags/lowest_rated_movies.py for tasks to queue
[2023-02-20 13:11:36,569] {logging_mixin.py:115} INFO - [2023-02-20 13:11:36,567] {dagbag.py:507} INFO - Filling up the DagBag from /home/airflow/dags/lowest_rated_movies.py
[2023-02-20 13:11:36,786] {processor.py:651} INFO - DAG(s) dict_keys(['lowest_rated_movies']) retrieved from /home/airflow/dags/lowest_rated_movies.py
[2023-02-20 13:11:37,314] {logging_mixin.py:115} INFO - [2023-02-20 13:11:37,305] {dag.py:2379} INFO - Sync 1 DAGs
[2023-02-20 13:11:37,492] {logging_mixin.py:115} INFO - [2023-02-20 13:11:37,492] {dag.py:2931} INFO - Setting next_dagrun for lowest_rated_movies to None, run_after=None
[2023-02-20 13:11:37,581] {processor.py:161} INFO - Processing /home/airflow/dags/lowest_rated_movies.py took 1.105 seconds
[2023-02-20 13:12:10,459] {processor.py:153} INFO - Started process (PID=281) to work on /home/airflow/dags/lowest_rated_movies.py
[2023-02-20 13:12:10,485] {processor.py:641} INFO - Processing file /home/airflow/dags/lowest_rated_movies.py for tasks to queue
[2023-02-20 13:12:10,497] {logging_mixin.py:115} INFO - [2023-02-20 13:12:10,496] {dagbag.py:507} INFO - Filling up the DagBag from /home/airflow/dags/lowest_rated_movies.py
[2023-02-20 13:12:10,766] {processor.py:651} INFO - DAG(s) dict_keys(['lowest_rated_movies']) retrieved from /home/airflow/dags/lowest_rated_movies.py
[2023-02-20 13:12:10,985] {logging_mixin.py:115} INFO - [2023-02-20 13:12:10,985] {dag.py:2379} INFO - Sync 1 DAGs
[2023-02-20 13:12:11,075] {logging_mixin.py:115} INFO - [2023-02-20 13:12:11,075] {dag.py:2931} INFO - Setting next_dagrun for lowest_rated_movies to None, run_after=None
[2023-02-20 13:12:11,100] {processor.py:161} INFO - Processing /home/airflow/dags/lowest_rated_movies.py took 0.735 seconds
[2023-02-20 13:12:46,866] {processor.py:153} INFO - Started process (PID=291) to work on /home/airflow/dags/lowest_rated_movies.py
[2023-02-20 13:12:46,896] {processor.py:641} INFO - Processing file /home/airflow/dags/lowest_rated_movies.py for tasks to queue
[2023-02-20 13:12:46,915] {logging_mixin.py:115} INFO - [2023-02-20 13:12:46,914] {dagbag.py:507} INFO - Filling up the DagBag from /home/airflow/dags/lowest_rated_movies.py
[2023-02-20 13:12:47,510] {processor.py:651} INFO - DAG(s) dict_keys(['lowest_rated_movies']) retrieved from /home/airflow/dags/lowest_rated_movies.py
[2023-02-20 13:12:48,059] {logging_mixin.py:115} INFO - [2023-02-20 13:12:48,059] {dag.py:2379} INFO - Sync 1 DAGs
[2023-02-20 13:12:48,313] {logging_mixin.py:115} INFO - [2023-02-20 13:12:48,312] {dag.py:2931} INFO - Setting next_dagrun for lowest_rated_movies to None, run_after=None
[2023-02-20 13:12:48,383] {processor.py:161} INFO - Processing /home/airflow/dags/lowest_rated_movies.py took 1.620 seconds
[2023-02-20 13:13:21,388] {processor.py:153} INFO - Started process (PID=301) to work on /home/airflow/dags/lowest_rated_movies.py
[2023-02-20 13:13:21,441] {processor.py:641} INFO - Processing file /home/airflow/dags/lowest_rated_movies.py for tasks to queue
[2023-02-20 13:13:21,475] {logging_mixin.py:115} INFO - [2023-02-20 13:13:21,474] {dagbag.py:507} INFO - Filling up the DagBag from /home/airflow/dags/lowest_rated_movies.py
[2023-02-20 13:13:22,021] {processor.py:651} INFO - DAG(s) dict_keys(['lowest_rated_movies']) retrieved from /home/airflow/dags/lowest_rated_movies.py
[2023-02-20 13:13:22,599] {logging_mixin.py:115} INFO - [2023-02-20 13:13:22,599] {dag.py:2379} INFO - Sync 1 DAGs
[2023-02-20 13:13:23,058] {logging_mixin.py:115} INFO - [2023-02-20 13:13:23,058] {dag.py:2931} INFO - Setting next_dagrun for lowest_rated_movies to None, run_after=None
[2023-02-20 13:13:23,171] {processor.py:161} INFO - Processing /home/airflow/dags/lowest_rated_movies.py took 2.062 seconds
[2023-02-20 13:13:55,843] {processor.py:153} INFO - Started process (PID=311) to work on /home/airflow/dags/lowest_rated_movies.py
[2023-02-20 13:13:55,859] {processor.py:641} INFO - Processing file /home/airflow/dags/lowest_rated_movies.py for tasks to queue
[2023-02-20 13:13:55,886] {logging_mixin.py:115} INFO - [2023-02-20 13:13:55,884] {dagbag.py:507} INFO - Filling up the DagBag from /home/airflow/dags/lowest_rated_movies.py
[2023-02-20 13:13:56,154] {processor.py:651} INFO - DAG(s) dict_keys(['lowest_rated_movies']) retrieved from /home/airflow/dags/lowest_rated_movies.py
[2023-02-20 13:13:56,474] {logging_mixin.py:115} INFO - [2023-02-20 13:13:56,474] {dag.py:2379} INFO - Sync 1 DAGs
[2023-02-20 13:13:56,874] {logging_mixin.py:115} INFO - [2023-02-20 13:13:56,874] {dag.py:2931} INFO - Setting next_dagrun for lowest_rated_movies to None, run_after=None
[2023-02-20 13:13:57,000] {processor.py:161} INFO - Processing /home/airflow/dags/lowest_rated_movies.py took 1.228 seconds
[2023-02-20 13:14:27,820] {processor.py:153} INFO - Started process (PID=321) to work on /home/airflow/dags/lowest_rated_movies.py
[2023-02-20 13:14:27,827] {processor.py:641} INFO - Processing file /home/airflow/dags/lowest_rated_movies.py for tasks to queue
[2023-02-20 13:14:27,831] {logging_mixin.py:115} INFO - [2023-02-20 13:14:27,831] {dagbag.py:507} INFO - Filling up the DagBag from /home/airflow/dags/lowest_rated_movies.py
[2023-02-20 13:14:28,078] {processor.py:651} INFO - DAG(s) dict_keys(['lowest_rated_movies']) retrieved from /home/airflow/dags/lowest_rated_movies.py
[2023-02-20 13:14:28,325] {logging_mixin.py:115} INFO - [2023-02-20 13:14:28,325] {dag.py:2379} INFO - Sync 1 DAGs
[2023-02-20 13:14:28,504] {logging_mixin.py:115} INFO - [2023-02-20 13:14:28,504] {dag.py:2931} INFO - Setting next_dagrun for lowest_rated_movies to None, run_after=None
[2023-02-20 13:14:28,605] {processor.py:161} INFO - Processing /home/airflow/dags/lowest_rated_movies.py took 0.837 seconds
[2023-02-20 13:14:59,173] {processor.py:153} INFO - Started process (PID=331) to work on /home/airflow/dags/lowest_rated_movies.py
[2023-02-20 13:14:59,185] {processor.py:641} INFO - Processing file /home/airflow/dags/lowest_rated_movies.py for tasks to queue
[2023-02-20 13:14:59,188] {logging_mixin.py:115} INFO - [2023-02-20 13:14:59,187] {dagbag.py:507} INFO - Filling up the DagBag from /home/airflow/dags/lowest_rated_movies.py
[2023-02-20 13:14:59,350] {processor.py:651} INFO - DAG(s) dict_keys(['lowest_rated_movies']) retrieved from /home/airflow/dags/lowest_rated_movies.py
[2023-02-20 13:14:59,800] {logging_mixin.py:115} INFO - [2023-02-20 13:14:59,800] {dag.py:2379} INFO - Sync 1 DAGs
[2023-02-20 13:15:00,044] {logging_mixin.py:115} INFO - [2023-02-20 13:15:00,044] {dag.py:2931} INFO - Setting next_dagrun for lowest_rated_movies to None, run_after=None
[2023-02-20 13:15:00,192] {processor.py:161} INFO - Processing /home/airflow/dags/lowest_rated_movies.py took 1.105 seconds
[2023-02-20 13:15:30,847] {processor.py:153} INFO - Started process (PID=341) to work on /home/airflow/dags/lowest_rated_movies.py
[2023-02-20 13:15:30,856] {processor.py:641} INFO - Processing file /home/airflow/dags/lowest_rated_movies.py for tasks to queue
[2023-02-20 13:15:30,861] {logging_mixin.py:115} INFO - [2023-02-20 13:15:30,861] {dagbag.py:507} INFO - Filling up the DagBag from /home/airflow/dags/lowest_rated_movies.py
[2023-02-20 13:15:31,015] {processor.py:651} INFO - DAG(s) dict_keys(['lowest_rated_movies']) retrieved from /home/airflow/dags/lowest_rated_movies.py
[2023-02-20 13:15:31,494] {logging_mixin.py:115} INFO - [2023-02-20 13:15:31,494] {dag.py:2379} INFO - Sync 1 DAGs
[2023-02-20 13:15:31,816] {logging_mixin.py:115} INFO - [2023-02-20 13:15:31,815] {dag.py:2931} INFO - Setting next_dagrun for lowest_rated_movies to None, run_after=None
[2023-02-20 13:15:31,925] {processor.py:161} INFO - Processing /home/airflow/dags/lowest_rated_movies.py took 1.122 seconds
[2023-02-20 13:16:02,585] {processor.py:153} INFO - Started process (PID=351) to work on /home/airflow/dags/lowest_rated_movies.py
[2023-02-20 13:16:02,754] {processor.py:641} INFO - Processing file /home/airflow/dags/lowest_rated_movies.py for tasks to queue
[2023-02-20 13:16:02,761] {logging_mixin.py:115} INFO - [2023-02-20 13:16:02,761] {dagbag.py:507} INFO - Filling up the DagBag from /home/airflow/dags/lowest_rated_movies.py
[2023-02-20 13:16:02,931] {processor.py:651} INFO - DAG(s) dict_keys(['lowest_rated_movies']) retrieved from /home/airflow/dags/lowest_rated_movies.py
[2023-02-20 13:16:03,732] {logging_mixin.py:115} INFO - [2023-02-20 13:16:03,732] {dag.py:2379} INFO - Sync 1 DAGs
[2023-02-20 13:16:03,764] {logging_mixin.py:115} INFO - [2023-02-20 13:16:03,764] {dag.py:2931} INFO - Setting next_dagrun for lowest_rated_movies to None, run_after=None
[2023-02-20 13:16:03,782] {processor.py:161} INFO - Processing /home/airflow/dags/lowest_rated_movies.py took 1.242 seconds
[2023-02-20 13:16:34,816] {processor.py:153} INFO - Started process (PID=361) to work on /home/airflow/dags/lowest_rated_movies.py
[2023-02-20 13:16:34,823] {processor.py:641} INFO - Processing file /home/airflow/dags/lowest_rated_movies.py for tasks to queue
[2023-02-20 13:16:34,827] {logging_mixin.py:115} INFO - [2023-02-20 13:16:34,827] {dagbag.py:507} INFO - Filling up the DagBag from /home/airflow/dags/lowest_rated_movies.py
[2023-02-20 13:16:34,990] {processor.py:651} INFO - DAG(s) dict_keys(['lowest_rated_movies']) retrieved from /home/airflow/dags/lowest_rated_movies.py
[2023-02-20 13:16:35,137] {logging_mixin.py:115} INFO - [2023-02-20 13:16:35,137] {dag.py:2379} INFO - Sync 1 DAGs
[2023-02-20 13:16:35,330] {logging_mixin.py:115} INFO - [2023-02-20 13:16:35,330] {dag.py:2931} INFO - Setting next_dagrun for lowest_rated_movies to None, run_after=None
[2023-02-20 13:16:35,373] {processor.py:161} INFO - Processing /home/airflow/dags/lowest_rated_movies.py took 0.616 seconds
[2023-02-20 13:17:08,580] {processor.py:153} INFO - Started process (PID=371) to work on /home/airflow/dags/lowest_rated_movies.py
[2023-02-20 13:17:08,595] {processor.py:641} INFO - Processing file /home/airflow/dags/lowest_rated_movies.py for tasks to queue
[2023-02-20 13:17:08,623] {logging_mixin.py:115} INFO - [2023-02-20 13:17:08,620] {dagbag.py:507} INFO - Filling up the DagBag from /home/airflow/dags/lowest_rated_movies.py
[2023-02-20 13:17:08,892] {processor.py:651} INFO - DAG(s) dict_keys(['lowest_rated_movies']) retrieved from /home/airflow/dags/lowest_rated_movies.py
[2023-02-20 13:17:09,686] {logging_mixin.py:115} INFO - [2023-02-20 13:17:09,686] {dag.py:2379} INFO - Sync 1 DAGs
[2023-02-20 13:17:09,722] {logging_mixin.py:115} INFO - [2023-02-20 13:17:09,722] {dag.py:2931} INFO - Setting next_dagrun for lowest_rated_movies to None, run_after=None
[2023-02-20 13:17:09,734] {processor.py:161} INFO - Processing /home/airflow/dags/lowest_rated_movies.py took 1.432 seconds
[2023-02-20 13:17:41,908] {processor.py:153} INFO - Started process (PID=381) to work on /home/airflow/dags/lowest_rated_movies.py
[2023-02-20 13:17:41,915] {processor.py:641} INFO - Processing file /home/airflow/dags/lowest_rated_movies.py for tasks to queue
[2023-02-20 13:17:41,941] {logging_mixin.py:115} INFO - [2023-02-20 13:17:41,941] {dagbag.py:507} INFO - Filling up the DagBag from /home/airflow/dags/lowest_rated_movies.py
[2023-02-20 13:17:42,097] {processor.py:651} INFO - DAG(s) dict_keys(['lowest_rated_movies']) retrieved from /home/airflow/dags/lowest_rated_movies.py
[2023-02-20 13:17:42,355] {logging_mixin.py:115} INFO - [2023-02-20 13:17:42,355] {dag.py:2379} INFO - Sync 1 DAGs
[2023-02-20 13:17:42,898] {logging_mixin.py:115} INFO - [2023-02-20 13:17:42,897] {dag.py:2931} INFO - Setting next_dagrun for lowest_rated_movies to None, run_after=None
[2023-02-20 13:17:42,920] {processor.py:161} INFO - Processing /home/airflow/dags/lowest_rated_movies.py took 1.066 seconds
[2023-02-20 13:18:15,522] {processor.py:153} INFO - Started process (PID=391) to work on /home/airflow/dags/lowest_rated_movies.py
[2023-02-20 13:18:15,533] {processor.py:641} INFO - Processing file /home/airflow/dags/lowest_rated_movies.py for tasks to queue
[2023-02-20 13:18:15,559] {logging_mixin.py:115} INFO - [2023-02-20 13:18:15,559] {dagbag.py:507} INFO - Filling up the DagBag from /home/airflow/dags/lowest_rated_movies.py
[2023-02-20 13:18:15,880] {processor.py:651} INFO - DAG(s) dict_keys(['lowest_rated_movies']) retrieved from /home/airflow/dags/lowest_rated_movies.py
[2023-02-20 13:18:16,480] {logging_mixin.py:115} INFO - [2023-02-20 13:18:16,480] {dag.py:2379} INFO - Sync 1 DAGs
[2023-02-20 13:18:16,724] {logging_mixin.py:115} INFO - [2023-02-20 13:18:16,724] {dag.py:2931} INFO - Setting next_dagrun for lowest_rated_movies to None, run_after=None
[2023-02-20 13:18:16,831] {processor.py:161} INFO - Processing /home/airflow/dags/lowest_rated_movies.py took 1.388 seconds
[2023-02-20 13:18:47,283] {processor.py:153} INFO - Started process (PID=401) to work on /home/airflow/dags/lowest_rated_movies.py
[2023-02-20 13:18:47,402] {processor.py:641} INFO - Processing file /home/airflow/dags/lowest_rated_movies.py for tasks to queue
[2023-02-20 13:18:47,728] {logging_mixin.py:115} INFO - [2023-02-20 13:18:47,728] {dagbag.py:507} INFO - Filling up the DagBag from /home/airflow/dags/lowest_rated_movies.py
[2023-02-20 13:18:48,163] {processor.py:651} INFO - DAG(s) dict_keys(['lowest_rated_movies']) retrieved from /home/airflow/dags/lowest_rated_movies.py
[2023-02-20 13:18:48,465] {logging_mixin.py:115} INFO - [2023-02-20 13:18:48,465] {dag.py:2379} INFO - Sync 1 DAGs
[2023-02-20 13:18:48,563] {logging_mixin.py:115} INFO - [2023-02-20 13:18:48,562] {dag.py:2931} INFO - Setting next_dagrun for lowest_rated_movies to None, run_after=None
[2023-02-20 13:18:48,674] {processor.py:161} INFO - Processing /home/airflow/dags/lowest_rated_movies.py took 1.424 seconds
[2023-02-20 13:19:19,697] {processor.py:153} INFO - Started process (PID=411) to work on /home/airflow/dags/lowest_rated_movies.py
[2023-02-20 13:19:19,966] {processor.py:641} INFO - Processing file /home/airflow/dags/lowest_rated_movies.py for tasks to queue
[2023-02-20 13:19:19,989] {logging_mixin.py:115} INFO - [2023-02-20 13:19:19,989] {dagbag.py:507} INFO - Filling up the DagBag from /home/airflow/dags/lowest_rated_movies.py
[2023-02-20 13:19:20,368] {processor.py:651} INFO - DAG(s) dict_keys(['lowest_rated_movies']) retrieved from /home/airflow/dags/lowest_rated_movies.py
[2023-02-20 13:19:21,924] {logging_mixin.py:115} INFO - [2023-02-20 13:19:21,923] {dag.py:2379} INFO - Sync 1 DAGs
[2023-02-20 13:19:22,229] {logging_mixin.py:115} INFO - [2023-02-20 13:19:22,229] {dag.py:2931} INFO - Setting next_dagrun for lowest_rated_movies to None, run_after=None
[2023-02-20 13:19:22,338] {processor.py:161} INFO - Processing /home/airflow/dags/lowest_rated_movies.py took 2.711 seconds
[2023-02-20 13:19:54,470] {processor.py:153} INFO - Started process (PID=421) to work on /home/airflow/dags/lowest_rated_movies.py
[2023-02-20 13:19:54,484] {processor.py:641} INFO - Processing file /home/airflow/dags/lowest_rated_movies.py for tasks to queue
[2023-02-20 13:19:54,510] {logging_mixin.py:115} INFO - [2023-02-20 13:19:54,510] {dagbag.py:507} INFO - Filling up the DagBag from /home/airflow/dags/lowest_rated_movies.py
[2023-02-20 13:19:54,790] {processor.py:651} INFO - DAG(s) dict_keys(['lowest_rated_movies']) retrieved from /home/airflow/dags/lowest_rated_movies.py
[2023-02-20 13:19:54,958] {logging_mixin.py:115} INFO - [2023-02-20 13:19:54,958] {dag.py:2379} INFO - Sync 1 DAGs
[2023-02-20 13:19:55,263] {logging_mixin.py:115} INFO - [2023-02-20 13:19:55,263] {dag.py:2931} INFO - Setting next_dagrun for lowest_rated_movies to None, run_after=None
[2023-02-20 13:19:55,273] {processor.py:161} INFO - Processing /home/airflow/dags/lowest_rated_movies.py took 0.867 seconds
[2023-02-20 13:20:28,165] {processor.py:153} INFO - Started process (PID=431) to work on /home/airflow/dags/lowest_rated_movies.py
[2023-02-20 13:20:28,174] {processor.py:641} INFO - Processing file /home/airflow/dags/lowest_rated_movies.py for tasks to queue
[2023-02-20 13:20:28,180] {logging_mixin.py:115} INFO - [2023-02-20 13:20:28,180] {dagbag.py:507} INFO - Filling up the DagBag from /home/airflow/dags/lowest_rated_movies.py
[2023-02-20 13:20:28,737] {processor.py:651} INFO - DAG(s) dict_keys(['lowest_rated_movies']) retrieved from /home/airflow/dags/lowest_rated_movies.py
[2023-02-20 13:20:28,988] {logging_mixin.py:115} INFO - [2023-02-20 13:20:28,988] {dag.py:2379} INFO - Sync 1 DAGs
[2023-02-20 13:20:29,148] {logging_mixin.py:115} INFO - [2023-02-20 13:20:29,148] {dag.py:2931} INFO - Setting next_dagrun for lowest_rated_movies to None, run_after=None
[2023-02-20 13:20:29,207] {processor.py:161} INFO - Processing /home/airflow/dags/lowest_rated_movies.py took 1.285 seconds
[2023-02-20 13:21:07,028] {processor.py:153} INFO - Started process (PID=441) to work on /home/airflow/dags/lowest_rated_movies.py
[2023-02-20 13:21:07,214] {processor.py:641} INFO - Processing file /home/airflow/dags/lowest_rated_movies.py for tasks to queue
[2023-02-20 13:21:07,359] {logging_mixin.py:115} INFO - [2023-02-20 13:21:07,359] {dagbag.py:507} INFO - Filling up the DagBag from /home/airflow/dags/lowest_rated_movies.py
[2023-02-20 13:21:07,886] {processor.py:651} INFO - DAG(s) dict_keys(['lowest_rated_movies']) retrieved from /home/airflow/dags/lowest_rated_movies.py
[2023-02-20 13:21:08,601] {logging_mixin.py:115} INFO - [2023-02-20 13:21:08,601] {dag.py:2379} INFO - Sync 1 DAGs
[2023-02-20 13:21:08,967] {logging_mixin.py:115} INFO - [2023-02-20 13:21:08,967] {dag.py:2931} INFO - Setting next_dagrun for lowest_rated_movies to None, run_after=None
[2023-02-20 13:21:09,076] {processor.py:161} INFO - Processing /home/airflow/dags/lowest_rated_movies.py took 2.768 seconds
[2023-02-20 13:21:41,533] {processor.py:153} INFO - Started process (PID=452) to work on /home/airflow/dags/lowest_rated_movies.py
[2023-02-20 13:21:41,570] {processor.py:641} INFO - Processing file /home/airflow/dags/lowest_rated_movies.py for tasks to queue
[2023-02-20 13:21:41,599] {logging_mixin.py:115} INFO - [2023-02-20 13:21:41,598] {dagbag.py:507} INFO - Filling up the DagBag from /home/airflow/dags/lowest_rated_movies.py
[2023-02-20 13:21:42,019] {processor.py:651} INFO - DAG(s) dict_keys(['lowest_rated_movies']) retrieved from /home/airflow/dags/lowest_rated_movies.py
[2023-02-20 13:21:42,642] {logging_mixin.py:115} INFO - [2023-02-20 13:21:42,642] {dag.py:2379} INFO - Sync 1 DAGs
[2023-02-20 13:21:42,899] {logging_mixin.py:115} INFO - [2023-02-20 13:21:42,899] {dag.py:2931} INFO - Setting next_dagrun for lowest_rated_movies to None, run_after=None
[2023-02-20 13:21:43,044] {processor.py:161} INFO - Processing /home/airflow/dags/lowest_rated_movies.py took 2.010 seconds
[2023-02-20 13:22:19,072] {processor.py:153} INFO - Started process (PID=545) to work on /home/airflow/dags/lowest_rated_movies.py
[2023-02-20 13:22:19,476] {processor.py:641} INFO - Processing file /home/airflow/dags/lowest_rated_movies.py for tasks to queue
[2023-02-20 13:22:19,722] {logging_mixin.py:115} INFO - [2023-02-20 13:22:19,720] {dagbag.py:507} INFO - Filling up the DagBag from /home/airflow/dags/lowest_rated_movies.py
[2023-02-20 13:22:20,443] {processor.py:651} INFO - DAG(s) dict_keys(['lowest_rated_movies']) retrieved from /home/airflow/dags/lowest_rated_movies.py
[2023-02-20 13:22:20,967] {logging_mixin.py:115} INFO - [2023-02-20 13:22:20,966] {dag.py:2379} INFO - Sync 1 DAGs
[2023-02-20 13:22:21,200] {logging_mixin.py:115} INFO - [2023-02-20 13:22:21,199] {dag.py:2931} INFO - Setting next_dagrun for lowest_rated_movies to None, run_after=None
[2023-02-20 13:22:21,478] {processor.py:161} INFO - Processing /home/airflow/dags/lowest_rated_movies.py took 2.488 seconds
[2023-02-20 13:22:58,122] {processor.py:153} INFO - Started process (PID=587) to work on /home/airflow/dags/lowest_rated_movies.py
[2023-02-20 13:22:58,191] {processor.py:641} INFO - Processing file /home/airflow/dags/lowest_rated_movies.py for tasks to queue
[2023-02-20 13:22:58,257] {logging_mixin.py:115} INFO - [2023-02-20 13:22:58,255] {dagbag.py:507} INFO - Filling up the DagBag from /home/airflow/dags/lowest_rated_movies.py
[2023-02-20 13:22:59,813] {processor.py:651} INFO - DAG(s) dict_keys(['lowest_rated_movies']) retrieved from /home/airflow/dags/lowest_rated_movies.py
[2023-02-20 13:23:00,875] {logging_mixin.py:115} INFO - [2023-02-20 13:23:00,875] {dag.py:2379} INFO - Sync 1 DAGs
[2023-02-20 13:23:01,248] {logging_mixin.py:115} INFO - [2023-02-20 13:23:01,248] {dag.py:2931} INFO - Setting next_dagrun for lowest_rated_movies to None, run_after=None
[2023-02-20 13:23:01,525] {processor.py:161} INFO - Processing /home/airflow/dags/lowest_rated_movies.py took 3.636 seconds
[2023-02-20 13:23:33,129] {processor.py:153} INFO - Started process (PID=644) to work on /home/airflow/dags/lowest_rated_movies.py
[2023-02-20 13:23:33,148] {processor.py:641} INFO - Processing file /home/airflow/dags/lowest_rated_movies.py for tasks to queue
[2023-02-20 13:23:33,169] {logging_mixin.py:115} INFO - [2023-02-20 13:23:33,167] {dagbag.py:507} INFO - Filling up the DagBag from /home/airflow/dags/lowest_rated_movies.py
[2023-02-20 13:23:33,583] {processor.py:651} INFO - DAG(s) dict_keys(['lowest_rated_movies']) retrieved from /home/airflow/dags/lowest_rated_movies.py
[2023-02-20 13:23:34,072] {logging_mixin.py:115} INFO - [2023-02-20 13:23:34,072] {dag.py:2379} INFO - Sync 1 DAGs
[2023-02-20 13:23:34,337] {logging_mixin.py:115} INFO - [2023-02-20 13:23:34,336] {dag.py:2931} INFO - Setting next_dagrun for lowest_rated_movies to None, run_after=None
[2023-02-20 13:23:34,430] {processor.py:161} INFO - Processing /home/airflow/dags/lowest_rated_movies.py took 1.434 seconds
[2023-02-20 13:24:06,109] {processor.py:153} INFO - Started process (PID=654) to work on /home/airflow/dags/lowest_rated_movies.py
[2023-02-20 13:24:06,130] {processor.py:641} INFO - Processing file /home/airflow/dags/lowest_rated_movies.py for tasks to queue
[2023-02-20 13:24:06,152] {logging_mixin.py:115} INFO - [2023-02-20 13:24:06,149] {dagbag.py:507} INFO - Filling up the DagBag from /home/airflow/dags/lowest_rated_movies.py
[2023-02-20 13:24:06,802] {processor.py:651} INFO - DAG(s) dict_keys(['lowest_rated_movies']) retrieved from /home/airflow/dags/lowest_rated_movies.py
[2023-02-20 13:24:07,464] {logging_mixin.py:115} INFO - [2023-02-20 13:24:07,464] {dag.py:2379} INFO - Sync 1 DAGs
[2023-02-20 13:24:07,854] {logging_mixin.py:115} INFO - [2023-02-20 13:24:07,854] {dag.py:2931} INFO - Setting next_dagrun for lowest_rated_movies to None, run_after=None
[2023-02-20 13:24:07,969] {processor.py:161} INFO - Processing /home/airflow/dags/lowest_rated_movies.py took 1.990 seconds
[2023-02-20 13:24:39,424] {processor.py:153} INFO - Started process (PID=664) to work on /home/airflow/dags/lowest_rated_movies.py
[2023-02-20 13:24:39,478] {processor.py:641} INFO - Processing file /home/airflow/dags/lowest_rated_movies.py for tasks to queue
[2023-02-20 13:24:39,938] {logging_mixin.py:115} INFO - [2023-02-20 13:24:39,936] {dagbag.py:507} INFO - Filling up the DagBag from /home/airflow/dags/lowest_rated_movies.py
[2023-02-20 13:24:40,484] {processor.py:651} INFO - DAG(s) dict_keys(['lowest_rated_movies']) retrieved from /home/airflow/dags/lowest_rated_movies.py
[2023-02-20 13:24:41,460] {logging_mixin.py:115} INFO - [2023-02-20 13:24:41,459] {dag.py:2379} INFO - Sync 1 DAGs
[2023-02-20 13:24:41,802] {logging_mixin.py:115} INFO - [2023-02-20 13:24:41,801] {dag.py:2931} INFO - Setting next_dagrun for lowest_rated_movies to None, run_after=None
[2023-02-20 13:24:41,987] {processor.py:161} INFO - Processing /home/airflow/dags/lowest_rated_movies.py took 2.836 seconds
[2023-02-20 13:25:14,325] {processor.py:153} INFO - Started process (PID=674) to work on /home/airflow/dags/lowest_rated_movies.py
[2023-02-20 13:25:14,331] {processor.py:641} INFO - Processing file /home/airflow/dags/lowest_rated_movies.py for tasks to queue
[2023-02-20 13:25:14,345] {logging_mixin.py:115} INFO - [2023-02-20 13:25:14,343] {dagbag.py:507} INFO - Filling up the DagBag from /home/airflow/dags/lowest_rated_movies.py
[2023-02-20 13:25:14,929] {processor.py:651} INFO - DAG(s) dict_keys(['lowest_rated_movies']) retrieved from /home/airflow/dags/lowest_rated_movies.py
[2023-02-20 13:25:16,051] {logging_mixin.py:115} INFO - [2023-02-20 13:25:16,050] {dag.py:2379} INFO - Sync 1 DAGs
[2023-02-20 13:25:16,831] {logging_mixin.py:115} INFO - [2023-02-20 13:25:16,830] {dag.py:2931} INFO - Setting next_dagrun for lowest_rated_movies to None, run_after=None
[2023-02-20 13:25:17,105] {processor.py:161} INFO - Processing /home/airflow/dags/lowest_rated_movies.py took 3.042 seconds
[2023-02-20 13:25:48,990] {processor.py:153} INFO - Started process (PID=684) to work on /home/airflow/dags/lowest_rated_movies.py
[2023-02-20 13:25:49,004] {processor.py:641} INFO - Processing file /home/airflow/dags/lowest_rated_movies.py for tasks to queue
[2023-02-20 13:25:49,014] {logging_mixin.py:115} INFO - [2023-02-20 13:25:49,013] {dagbag.py:507} INFO - Filling up the DagBag from /home/airflow/dags/lowest_rated_movies.py
[2023-02-20 13:25:49,442] {processor.py:651} INFO - DAG(s) dict_keys(['lowest_rated_movies']) retrieved from /home/airflow/dags/lowest_rated_movies.py
[2023-02-20 13:25:49,911] {logging_mixin.py:115} INFO - [2023-02-20 13:25:49,911] {dag.py:2379} INFO - Sync 1 DAGs
[2023-02-20 13:25:50,155] {logging_mixin.py:115} INFO - [2023-02-20 13:25:50,155] {dag.py:2931} INFO - Setting next_dagrun for lowest_rated_movies to None, run_after=None
[2023-02-20 13:25:50,252] {processor.py:161} INFO - Processing /home/airflow/dags/lowest_rated_movies.py took 1.349 seconds
[2023-02-20 13:26:23,596] {processor.py:153} INFO - Started process (PID=694) to work on /home/airflow/dags/lowest_rated_movies.py
[2023-02-20 13:26:23,609] {processor.py:641} INFO - Processing file /home/airflow/dags/lowest_rated_movies.py for tasks to queue
[2023-02-20 13:26:23,618] {logging_mixin.py:115} INFO - [2023-02-20 13:26:23,617] {dagbag.py:507} INFO - Filling up the DagBag from /home/airflow/dags/lowest_rated_movies.py
[2023-02-20 13:26:24,349] {processor.py:651} INFO - DAG(s) dict_keys(['lowest_rated_movies']) retrieved from /home/airflow/dags/lowest_rated_movies.py
[2023-02-20 13:26:25,482] {logging_mixin.py:115} INFO - [2023-02-20 13:26:25,478] {dag.py:2379} INFO - Sync 1 DAGs
[2023-02-20 13:26:25,878] {logging_mixin.py:115} INFO - [2023-02-20 13:26:25,878] {dag.py:2931} INFO - Setting next_dagrun for lowest_rated_movies to None, run_after=None
[2023-02-20 13:26:26,033] {processor.py:161} INFO - Processing /home/airflow/dags/lowest_rated_movies.py took 2.705 seconds
[2023-02-20 13:26:58,291] {processor.py:153} INFO - Started process (PID=704) to work on /home/airflow/dags/lowest_rated_movies.py
[2023-02-20 13:26:58,310] {processor.py:641} INFO - Processing file /home/airflow/dags/lowest_rated_movies.py for tasks to queue
[2023-02-20 13:26:58,334] {logging_mixin.py:115} INFO - [2023-02-20 13:26:58,332] {dagbag.py:507} INFO - Filling up the DagBag from /home/airflow/dags/lowest_rated_movies.py
[2023-02-20 13:26:58,883] {processor.py:651} INFO - DAG(s) dict_keys(['lowest_rated_movies']) retrieved from /home/airflow/dags/lowest_rated_movies.py
[2023-02-20 13:26:59,382] {logging_mixin.py:115} INFO - [2023-02-20 13:26:59,380] {dag.py:2379} INFO - Sync 1 DAGs
[2023-02-20 13:27:00,130] {logging_mixin.py:115} INFO - [2023-02-20 13:27:00,130] {dag.py:2931} INFO - Setting next_dagrun for lowest_rated_movies to None, run_after=None
[2023-02-20 13:27:00,510] {processor.py:161} INFO - Processing /home/airflow/dags/lowest_rated_movies.py took 2.367 seconds
[2023-02-20 13:27:33,528] {processor.py:153} INFO - Started process (PID=714) to work on /home/airflow/dags/lowest_rated_movies.py
[2023-02-20 13:27:33,538] {processor.py:641} INFO - Processing file /home/airflow/dags/lowest_rated_movies.py for tasks to queue
[2023-02-20 13:27:33,547] {logging_mixin.py:115} INFO - [2023-02-20 13:27:33,546] {dagbag.py:507} INFO - Filling up the DagBag from /home/airflow/dags/lowest_rated_movies.py
[2023-02-20 13:27:34,234] {processor.py:651} INFO - DAG(s) dict_keys(['lowest_rated_movies']) retrieved from /home/airflow/dags/lowest_rated_movies.py
[2023-02-20 13:27:35,283] {logging_mixin.py:115} INFO - [2023-02-20 13:27:35,282] {dag.py:2379} INFO - Sync 1 DAGs
[2023-02-20 13:27:35,667] {logging_mixin.py:115} INFO - [2023-02-20 13:27:35,667] {dag.py:2931} INFO - Setting next_dagrun for lowest_rated_movies to None, run_after=None
[2023-02-20 13:27:35,803] {processor.py:161} INFO - Processing /home/airflow/dags/lowest_rated_movies.py took 2.531 seconds
[2023-02-20 13:28:08,356] {processor.py:153} INFO - Started process (PID=724) to work on /home/airflow/dags/lowest_rated_movies.py
[2023-02-20 13:28:08,379] {processor.py:641} INFO - Processing file /home/airflow/dags/lowest_rated_movies.py for tasks to queue
[2023-02-20 13:28:08,402] {logging_mixin.py:115} INFO - [2023-02-20 13:28:08,400] {dagbag.py:507} INFO - Filling up the DagBag from /home/airflow/dags/lowest_rated_movies.py
[2023-02-20 13:28:09,015] {processor.py:651} INFO - DAG(s) dict_keys(['lowest_rated_movies']) retrieved from /home/airflow/dags/lowest_rated_movies.py
[2023-02-20 13:28:09,672] {logging_mixin.py:115} INFO - [2023-02-20 13:28:09,671] {dag.py:2379} INFO - Sync 1 DAGs
[2023-02-20 13:28:09,990] {logging_mixin.py:115} INFO - [2023-02-20 13:28:09,990] {dag.py:2931} INFO - Setting next_dagrun for lowest_rated_movies to None, run_after=None
[2023-02-20 13:28:10,068] {processor.py:161} INFO - Processing /home/airflow/dags/lowest_rated_movies.py took 1.891 seconds
[2023-02-20 13:28:42,745] {processor.py:153} INFO - Started process (PID=734) to work on /home/airflow/dags/lowest_rated_movies.py
[2023-02-20 13:28:42,753] {processor.py:641} INFO - Processing file /home/airflow/dags/lowest_rated_movies.py for tasks to queue
[2023-02-20 13:28:42,765] {logging_mixin.py:115} INFO - [2023-02-20 13:28:42,764] {dagbag.py:507} INFO - Filling up the DagBag from /home/airflow/dags/lowest_rated_movies.py
[2023-02-20 13:28:43,934] {processor.py:651} INFO - DAG(s) dict_keys(['lowest_rated_movies']) retrieved from /home/airflow/dags/lowest_rated_movies.py
[2023-02-20 13:28:44,924] {logging_mixin.py:115} INFO - [2023-02-20 13:28:44,923] {dag.py:2379} INFO - Sync 1 DAGs
[2023-02-20 13:28:45,231] {logging_mixin.py:115} INFO - [2023-02-20 13:28:45,231] {dag.py:2931} INFO - Setting next_dagrun for lowest_rated_movies to None, run_after=None
[2023-02-20 13:28:45,350] {processor.py:161} INFO - Processing /home/airflow/dags/lowest_rated_movies.py took 2.824 seconds
[2023-02-20 13:29:17,526] {processor.py:153} INFO - Started process (PID=744) to work on /home/airflow/dags/lowest_rated_movies.py
[2023-02-20 13:29:17,540] {processor.py:641} INFO - Processing file /home/airflow/dags/lowest_rated_movies.py for tasks to queue
[2023-02-20 13:29:17,563] {logging_mixin.py:115} INFO - [2023-02-20 13:29:17,561] {dagbag.py:507} INFO - Filling up the DagBag from /home/airflow/dags/lowest_rated_movies.py
[2023-02-20 13:29:18,116] {processor.py:651} INFO - DAG(s) dict_keys(['lowest_rated_movies']) retrieved from /home/airflow/dags/lowest_rated_movies.py
[2023-02-20 13:29:18,729] {logging_mixin.py:115} INFO - [2023-02-20 13:29:18,727] {dag.py:2379} INFO - Sync 1 DAGs
[2023-02-20 13:29:19,016] {logging_mixin.py:115} INFO - [2023-02-20 13:29:19,016] {dag.py:2931} INFO - Setting next_dagrun for lowest_rated_movies to None, run_after=None
[2023-02-20 13:29:19,083] {processor.py:161} INFO - Processing /home/airflow/dags/lowest_rated_movies.py took 1.749 seconds
[2023-02-20 13:29:50,216] {processor.py:153} INFO - Started process (PID=754) to work on /home/airflow/dags/lowest_rated_movies.py
[2023-02-20 13:29:50,235] {processor.py:641} INFO - Processing file /home/airflow/dags/lowest_rated_movies.py for tasks to queue
[2023-02-20 13:29:50,264] {logging_mixin.py:115} INFO - [2023-02-20 13:29:50,261] {dagbag.py:507} INFO - Filling up the DagBag from /home/airflow/dags/lowest_rated_movies.py
[2023-02-20 13:29:50,728] {processor.py:651} INFO - DAG(s) dict_keys(['lowest_rated_movies']) retrieved from /home/airflow/dags/lowest_rated_movies.py
[2023-02-20 13:29:51,181] {logging_mixin.py:115} INFO - [2023-02-20 13:29:51,179] {dag.py:2379} INFO - Sync 1 DAGs
[2023-02-20 13:29:51,463] {logging_mixin.py:115} INFO - [2023-02-20 13:29:51,463] {dag.py:2931} INFO - Setting next_dagrun for lowest_rated_movies to None, run_after=None
[2023-02-20 13:29:51,529] {processor.py:161} INFO - Processing /home/airflow/dags/lowest_rated_movies.py took 1.467 seconds
[2023-02-20 13:30:24,444] {processor.py:153} INFO - Started process (PID=764) to work on /home/airflow/dags/lowest_rated_movies.py
[2023-02-20 13:30:24,638] {processor.py:641} INFO - Processing file /home/airflow/dags/lowest_rated_movies.py for tasks to queue
[2023-02-20 13:30:24,753] {logging_mixin.py:115} INFO - [2023-02-20 13:30:24,731] {dagbag.py:507} INFO - Filling up the DagBag from /home/airflow/dags/lowest_rated_movies.py
[2023-02-20 13:30:26,577] {processor.py:651} INFO - DAG(s) dict_keys(['lowest_rated_movies']) retrieved from /home/airflow/dags/lowest_rated_movies.py
[2023-02-20 13:30:28,481] {logging_mixin.py:115} INFO - [2023-02-20 13:30:28,481] {dag.py:2379} INFO - Sync 1 DAGs
[2023-02-20 13:30:29,088] {logging_mixin.py:115} INFO - [2023-02-20 13:30:29,088] {dag.py:2931} INFO - Setting next_dagrun for lowest_rated_movies to None, run_after=None
[2023-02-20 13:30:29,320] {processor.py:161} INFO - Processing /home/airflow/dags/lowest_rated_movies.py took 5.692 seconds
[2023-02-20 13:31:02,657] {processor.py:153} INFO - Started process (PID=774) to work on /home/airflow/dags/lowest_rated_movies.py
[2023-02-20 13:31:02,665] {processor.py:641} INFO - Processing file /home/airflow/dags/lowest_rated_movies.py for tasks to queue
[2023-02-20 13:31:02,673] {logging_mixin.py:115} INFO - [2023-02-20 13:31:02,672] {dagbag.py:507} INFO - Filling up the DagBag from /home/airflow/dags/lowest_rated_movies.py
[2023-02-20 13:31:03,135] {processor.py:651} INFO - DAG(s) dict_keys(['lowest_rated_movies']) retrieved from /home/airflow/dags/lowest_rated_movies.py
[2023-02-20 13:31:03,876] {logging_mixin.py:115} INFO - [2023-02-20 13:31:03,876] {dag.py:2379} INFO - Sync 1 DAGs
[2023-02-20 13:31:04,380] {logging_mixin.py:115} INFO - [2023-02-20 13:31:04,380] {dag.py:2931} INFO - Setting next_dagrun for lowest_rated_movies to None, run_after=None
[2023-02-20 13:31:04,523] {processor.py:161} INFO - Processing /home/airflow/dags/lowest_rated_movies.py took 2.157 seconds
[2023-02-20 13:31:39,054] {processor.py:153} INFO - Started process (PID=784) to work on /home/airflow/dags/lowest_rated_movies.py
[2023-02-20 13:31:39,061] {processor.py:641} INFO - Processing file /home/airflow/dags/lowest_rated_movies.py for tasks to queue
[2023-02-20 13:31:39,088] {logging_mixin.py:115} INFO - [2023-02-20 13:31:39,080] {dagbag.py:507} INFO - Filling up the DagBag from /home/airflow/dags/lowest_rated_movies.py
[2023-02-20 13:31:39,484] {processor.py:651} INFO - DAG(s) dict_keys(['lowest_rated_movies']) retrieved from /home/airflow/dags/lowest_rated_movies.py
[2023-02-20 13:31:39,993] {logging_mixin.py:115} INFO - [2023-02-20 13:31:39,993] {dag.py:2379} INFO - Sync 1 DAGs
[2023-02-20 13:31:40,303] {logging_mixin.py:115} INFO - [2023-02-20 13:31:40,302] {dag.py:2931} INFO - Setting next_dagrun for lowest_rated_movies to None, run_after=None
[2023-02-20 13:31:40,413] {processor.py:161} INFO - Processing /home/airflow/dags/lowest_rated_movies.py took 1.757 seconds
[2023-02-20 13:32:14,984] {processor.py:153} INFO - Started process (PID=794) to work on /home/airflow/dags/lowest_rated_movies.py
[2023-02-20 13:32:15,029] {processor.py:641} INFO - Processing file /home/airflow/dags/lowest_rated_movies.py for tasks to queue
[2023-02-20 13:32:15,054] {logging_mixin.py:115} INFO - [2023-02-20 13:32:15,053] {dagbag.py:507} INFO - Filling up the DagBag from /home/airflow/dags/lowest_rated_movies.py
[2023-02-20 13:32:16,875] {processor.py:651} INFO - DAG(s) dict_keys(['lowest_rated_movies']) retrieved from /home/airflow/dags/lowest_rated_movies.py
[2023-02-20 13:32:18,797] {logging_mixin.py:115} INFO - [2023-02-20 13:32:18,791] {dag.py:2379} INFO - Sync 1 DAGs
[2023-02-20 13:32:19,318] {logging_mixin.py:115} INFO - [2023-02-20 13:32:19,318] {dag.py:2931} INFO - Setting next_dagrun for lowest_rated_movies to None, run_after=None
[2023-02-20 13:32:19,407] {processor.py:161} INFO - Processing /home/airflow/dags/lowest_rated_movies.py took 4.654 seconds
[2023-02-20 14:07:46,045] {processor.py:153} INFO - Started process (PID=172) to work on /home/airflow/dags/lowest_rated_movies.py
[2023-02-20 14:07:46,076] {processor.py:641} INFO - Processing file /home/airflow/dags/lowest_rated_movies.py for tasks to queue
[2023-02-20 14:07:46,154] {logging_mixin.py:115} INFO - [2023-02-20 14:07:46,146] {dagbag.py:507} INFO - Filling up the DagBag from /home/airflow/dags/lowest_rated_movies.py
[2023-02-20 14:07:46,432] {processor.py:651} INFO - DAG(s) dict_keys(['lowest_rated_movies']) retrieved from /home/airflow/dags/lowest_rated_movies.py
[2023-02-20 14:07:46,560] {logging_mixin.py:115} INFO - [2023-02-20 14:07:46,560] {dag.py:2379} INFO - Sync 1 DAGs
[2023-02-20 14:07:46,730] {logging_mixin.py:115} INFO - [2023-02-20 14:07:46,730] {dag.py:2931} INFO - Setting next_dagrun for lowest_rated_movies to None, run_after=None
[2023-02-20 14:07:46,795] {processor.py:161} INFO - Processing /home/airflow/dags/lowest_rated_movies.py took 0.753 seconds
[2023-02-20 14:08:19,485] {processor.py:153} INFO - Started process (PID=182) to work on /home/airflow/dags/lowest_rated_movies.py
[2023-02-20 14:08:19,491] {processor.py:641} INFO - Processing file /home/airflow/dags/lowest_rated_movies.py for tasks to queue
[2023-02-20 14:08:19,499] {logging_mixin.py:115} INFO - [2023-02-20 14:08:19,499] {dagbag.py:507} INFO - Filling up the DagBag from /home/airflow/dags/lowest_rated_movies.py
[2023-02-20 14:08:20,063] {processor.py:651} INFO - DAG(s) dict_keys(['lowest_rated_movies']) retrieved from /home/airflow/dags/lowest_rated_movies.py
[2023-02-20 14:08:20,346] {logging_mixin.py:115} INFO - [2023-02-20 14:08:20,346] {dag.py:2379} INFO - Sync 1 DAGs
[2023-02-20 14:08:20,436] {logging_mixin.py:115} INFO - [2023-02-20 14:08:20,436] {dag.py:2931} INFO - Setting next_dagrun for lowest_rated_movies to None, run_after=None
[2023-02-20 14:08:20,505] {processor.py:161} INFO - Processing /home/airflow/dags/lowest_rated_movies.py took 1.139 seconds
[2023-02-20 14:08:52,739] {processor.py:153} INFO - Started process (PID=192) to work on /home/airflow/dags/lowest_rated_movies.py
[2023-02-20 14:08:52,751] {processor.py:641} INFO - Processing file /home/airflow/dags/lowest_rated_movies.py for tasks to queue
[2023-02-20 14:08:52,772] {logging_mixin.py:115} INFO - [2023-02-20 14:08:52,770] {dagbag.py:507} INFO - Filling up the DagBag from /home/airflow/dags/lowest_rated_movies.py
[2023-02-20 14:08:53,261] {processor.py:651} INFO - DAG(s) dict_keys(['lowest_rated_movies']) retrieved from /home/airflow/dags/lowest_rated_movies.py
[2023-02-20 14:08:53,660] {logging_mixin.py:115} INFO - [2023-02-20 14:08:53,660] {dag.py:2379} INFO - Sync 1 DAGs
[2023-02-20 14:08:53,846] {logging_mixin.py:115} INFO - [2023-02-20 14:08:53,845] {dag.py:2931} INFO - Setting next_dagrun for lowest_rated_movies to None, run_after=None
[2023-02-20 14:08:53,930] {processor.py:161} INFO - Processing /home/airflow/dags/lowest_rated_movies.py took 1.284 seconds
[2023-02-20 14:09:25,905] {processor.py:153} INFO - Started process (PID=202) to work on /home/airflow/dags/lowest_rated_movies.py
[2023-02-20 14:09:25,982] {processor.py:641} INFO - Processing file /home/airflow/dags/lowest_rated_movies.py for tasks to queue
[2023-02-20 14:09:26,012] {logging_mixin.py:115} INFO - [2023-02-20 14:09:26,008] {dagbag.py:507} INFO - Filling up the DagBag from /home/airflow/dags/lowest_rated_movies.py
[2023-02-20 14:09:27,345] {processor.py:651} INFO - DAG(s) dict_keys(['lowest_rated_movies']) retrieved from /home/airflow/dags/lowest_rated_movies.py
[2023-02-20 14:09:28,082] {logging_mixin.py:115} INFO - [2023-02-20 14:09:28,082] {dag.py:2379} INFO - Sync 1 DAGs
[2023-02-20 14:09:28,486] {logging_mixin.py:115} INFO - [2023-02-20 14:09:28,486] {dag.py:2931} INFO - Setting next_dagrun for lowest_rated_movies to None, run_after=None
[2023-02-20 14:09:28,608] {processor.py:161} INFO - Processing /home/airflow/dags/lowest_rated_movies.py took 2.909 seconds
[2023-02-20 14:10:01,184] {processor.py:153} INFO - Started process (PID=212) to work on /home/airflow/dags/lowest_rated_movies.py
[2023-02-20 14:10:01,208] {processor.py:641} INFO - Processing file /home/airflow/dags/lowest_rated_movies.py for tasks to queue
[2023-02-20 14:10:01,227] {logging_mixin.py:115} INFO - [2023-02-20 14:10:01,226] {dagbag.py:507} INFO - Filling up the DagBag from /home/airflow/dags/lowest_rated_movies.py
[2023-02-20 14:10:01,812] {processor.py:651} INFO - DAG(s) dict_keys(['lowest_rated_movies']) retrieved from /home/airflow/dags/lowest_rated_movies.py
[2023-02-20 14:10:01,952] {logging_mixin.py:115} INFO - [2023-02-20 14:10:01,952] {dag.py:2379} INFO - Sync 1 DAGs
[2023-02-20 14:10:02,077] {logging_mixin.py:115} INFO - [2023-02-20 14:10:02,077] {dag.py:2931} INFO - Setting next_dagrun for lowest_rated_movies to None, run_after=None
[2023-02-20 14:10:02,117] {processor.py:161} INFO - Processing /home/airflow/dags/lowest_rated_movies.py took 1.045 seconds
[2023-02-20 14:10:33,183] {processor.py:153} INFO - Started process (PID=222) to work on /home/airflow/dags/lowest_rated_movies.py
[2023-02-20 14:10:33,197] {processor.py:641} INFO - Processing file /home/airflow/dags/lowest_rated_movies.py for tasks to queue
[2023-02-20 14:10:33,210] {logging_mixin.py:115} INFO - [2023-02-20 14:10:33,207] {dagbag.py:507} INFO - Filling up the DagBag from /home/airflow/dags/lowest_rated_movies.py
[2023-02-20 14:10:33,657] {processor.py:651} INFO - DAG(s) dict_keys(['lowest_rated_movies']) retrieved from /home/airflow/dags/lowest_rated_movies.py
[2023-02-20 14:10:33,867] {logging_mixin.py:115} INFO - [2023-02-20 14:10:33,867] {dag.py:2379} INFO - Sync 1 DAGs
[2023-02-20 14:10:33,932] {logging_mixin.py:115} INFO - [2023-02-20 14:10:33,932] {dag.py:2931} INFO - Setting next_dagrun for lowest_rated_movies to None, run_after=None
[2023-02-20 14:10:33,984] {processor.py:161} INFO - Processing /home/airflow/dags/lowest_rated_movies.py took 0.867 seconds
[2023-02-20 14:11:04,948] {processor.py:153} INFO - Started process (PID=232) to work on /home/airflow/dags/lowest_rated_movies.py
[2023-02-20 14:11:04,954] {processor.py:641} INFO - Processing file /home/airflow/dags/lowest_rated_movies.py for tasks to queue
[2023-02-20 14:11:04,977] {logging_mixin.py:115} INFO - [2023-02-20 14:11:04,976] {dagbag.py:507} INFO - Filling up the DagBag from /home/airflow/dags/lowest_rated_movies.py
[2023-02-20 14:11:05,326] {processor.py:651} INFO - DAG(s) dict_keys(['lowest_rated_movies']) retrieved from /home/airflow/dags/lowest_rated_movies.py
[2023-02-20 14:11:05,632] {logging_mixin.py:115} INFO - [2023-02-20 14:11:05,632] {dag.py:2379} INFO - Sync 1 DAGs
[2023-02-20 14:11:05,754] {logging_mixin.py:115} INFO - [2023-02-20 14:11:05,754] {dag.py:2931} INFO - Setting next_dagrun for lowest_rated_movies to None, run_after=None
[2023-02-20 14:11:05,801] {processor.py:161} INFO - Processing /home/airflow/dags/lowest_rated_movies.py took 0.908 seconds
[2023-02-20 14:11:36,500] {processor.py:153} INFO - Started process (PID=242) to work on /home/airflow/dags/lowest_rated_movies.py
[2023-02-20 14:11:36,508] {processor.py:641} INFO - Processing file /home/airflow/dags/lowest_rated_movies.py for tasks to queue
[2023-02-20 14:11:36,753] {logging_mixin.py:115} INFO - [2023-02-20 14:11:36,542] {dagbag.py:507} INFO - Filling up the DagBag from /home/airflow/dags/lowest_rated_movies.py
[2023-02-20 14:11:36,915] {processor.py:651} INFO - DAG(s) dict_keys(['lowest_rated_movies']) retrieved from /home/airflow/dags/lowest_rated_movies.py
[2023-02-20 14:11:37,053] {logging_mixin.py:115} INFO - [2023-02-20 14:11:37,053] {dag.py:2379} INFO - Sync 1 DAGs
[2023-02-20 14:11:37,133] {logging_mixin.py:115} INFO - [2023-02-20 14:11:37,133] {dag.py:2931} INFO - Setting next_dagrun for lowest_rated_movies to None, run_after=None
[2023-02-20 14:11:37,151] {processor.py:161} INFO - Processing /home/airflow/dags/lowest_rated_movies.py took 0.673 seconds
[2023-02-20 14:12:10,093] {processor.py:153} INFO - Started process (PID=252) to work on /home/airflow/dags/lowest_rated_movies.py
[2023-02-20 14:12:10,112] {processor.py:641} INFO - Processing file /home/airflow/dags/lowest_rated_movies.py for tasks to queue
[2023-02-20 14:12:10,265] {logging_mixin.py:115} INFO - [2023-02-20 14:12:10,265] {dagbag.py:507} INFO - Filling up the DagBag from /home/airflow/dags/lowest_rated_movies.py
[2023-02-20 14:12:10,400] {processor.py:651} INFO - DAG(s) dict_keys(['lowest_rated_movies']) retrieved from /home/airflow/dags/lowest_rated_movies.py
[2023-02-20 14:12:10,559] {logging_mixin.py:115} INFO - [2023-02-20 14:12:10,559] {dag.py:2379} INFO - Sync 1 DAGs
[2023-02-20 14:12:10,630] {logging_mixin.py:115} INFO - [2023-02-20 14:12:10,630] {dag.py:2931} INFO - Setting next_dagrun for lowest_rated_movies to None, run_after=None
[2023-02-20 14:12:10,678] {processor.py:161} INFO - Processing /home/airflow/dags/lowest_rated_movies.py took 0.698 seconds
[2023-02-20 14:12:42,709] {processor.py:153} INFO - Started process (PID=262) to work on /home/airflow/dags/lowest_rated_movies.py
[2023-02-20 14:12:43,142] {processor.py:641} INFO - Processing file /home/airflow/dags/lowest_rated_movies.py for tasks to queue
[2023-02-20 14:12:43,145] {logging_mixin.py:115} INFO - [2023-02-20 14:12:43,145] {dagbag.py:507} INFO - Filling up the DagBag from /home/airflow/dags/lowest_rated_movies.py
[2023-02-20 14:12:43,318] {processor.py:651} INFO - DAG(s) dict_keys(['lowest_rated_movies']) retrieved from /home/airflow/dags/lowest_rated_movies.py
[2023-02-20 14:12:43,453] {logging_mixin.py:115} INFO - [2023-02-20 14:12:43,452] {dag.py:2379} INFO - Sync 1 DAGs
[2023-02-20 14:12:43,531] {logging_mixin.py:115} INFO - [2023-02-20 14:12:43,531] {dag.py:2931} INFO - Setting next_dagrun for lowest_rated_movies to None, run_after=None
[2023-02-20 14:12:43,582] {processor.py:161} INFO - Processing /home/airflow/dags/lowest_rated_movies.py took 1.012 seconds
[2023-02-20 14:13:15,568] {processor.py:153} INFO - Started process (PID=272) to work on /home/airflow/dags/lowest_rated_movies.py
[2023-02-20 14:13:15,581] {processor.py:641} INFO - Processing file /home/airflow/dags/lowest_rated_movies.py for tasks to queue
[2023-02-20 14:13:15,599] {logging_mixin.py:115} INFO - [2023-02-20 14:13:15,597] {dagbag.py:507} INFO - Filling up the DagBag from /home/airflow/dags/lowest_rated_movies.py
[2023-02-20 14:13:16,057] {processor.py:651} INFO - DAG(s) dict_keys(['lowest_rated_movies']) retrieved from /home/airflow/dags/lowest_rated_movies.py
[2023-02-20 14:13:16,857] {logging_mixin.py:115} INFO - [2023-02-20 14:13:16,856] {dag.py:2379} INFO - Sync 1 DAGs
[2023-02-20 14:13:17,014] {logging_mixin.py:115} INFO - [2023-02-20 14:13:17,014] {dag.py:2931} INFO - Setting next_dagrun for lowest_rated_movies to None, run_after=None
[2023-02-20 14:13:17,034] {processor.py:161} INFO - Processing /home/airflow/dags/lowest_rated_movies.py took 1.549 seconds
[2023-02-20 14:13:47,960] {processor.py:153} INFO - Started process (PID=282) to work on /home/airflow/dags/lowest_rated_movies.py
[2023-02-20 14:13:47,969] {processor.py:641} INFO - Processing file /home/airflow/dags/lowest_rated_movies.py for tasks to queue
[2023-02-20 14:13:47,977] {logging_mixin.py:115} INFO - [2023-02-20 14:13:47,976] {dagbag.py:507} INFO - Filling up the DagBag from /home/airflow/dags/lowest_rated_movies.py
[2023-02-20 14:13:48,134] {processor.py:651} INFO - DAG(s) dict_keys(['lowest_rated_movies']) retrieved from /home/airflow/dags/lowest_rated_movies.py
[2023-02-20 14:13:48,385] {logging_mixin.py:115} INFO - [2023-02-20 14:13:48,385] {dag.py:2379} INFO - Sync 1 DAGs
[2023-02-20 14:13:48,713] {logging_mixin.py:115} INFO - [2023-02-20 14:13:48,712] {dag.py:2931} INFO - Setting next_dagrun for lowest_rated_movies to None, run_after=None
[2023-02-20 14:13:48,737] {processor.py:161} INFO - Processing /home/airflow/dags/lowest_rated_movies.py took 0.796 seconds
[2023-02-20 14:14:22,189] {processor.py:153} INFO - Started process (PID=292) to work on /home/airflow/dags/lowest_rated_movies.py
[2023-02-20 14:14:22,229] {processor.py:641} INFO - Processing file /home/airflow/dags/lowest_rated_movies.py for tasks to queue
[2023-02-20 14:14:22,266] {logging_mixin.py:115} INFO - [2023-02-20 14:14:22,251] {dagbag.py:507} INFO - Filling up the DagBag from /home/airflow/dags/lowest_rated_movies.py
[2023-02-20 14:14:22,518] {processor.py:651} INFO - DAG(s) dict_keys(['lowest_rated_movies']) retrieved from /home/airflow/dags/lowest_rated_movies.py
[2023-02-20 14:14:22,831] {logging_mixin.py:115} INFO - [2023-02-20 14:14:22,831] {dag.py:2379} INFO - Sync 1 DAGs
[2023-02-20 14:14:22,986] {logging_mixin.py:115} INFO - [2023-02-20 14:14:22,986] {dag.py:2931} INFO - Setting next_dagrun for lowest_rated_movies to None, run_after=None
[2023-02-20 14:14:23,064] {processor.py:161} INFO - Processing /home/airflow/dags/lowest_rated_movies.py took 1.116 seconds
[2023-02-20 14:14:55,748] {processor.py:153} INFO - Started process (PID=302) to work on /home/airflow/dags/lowest_rated_movies.py
[2023-02-20 14:14:55,780] {processor.py:641} INFO - Processing file /home/airflow/dags/lowest_rated_movies.py for tasks to queue
[2023-02-20 14:14:55,829] {logging_mixin.py:115} INFO - [2023-02-20 14:14:55,828] {dagbag.py:507} INFO - Filling up the DagBag from /home/airflow/dags/lowest_rated_movies.py
[2023-02-20 14:14:56,265] {processor.py:651} INFO - DAG(s) dict_keys(['lowest_rated_movies']) retrieved from /home/airflow/dags/lowest_rated_movies.py
[2023-02-20 14:14:56,687] {logging_mixin.py:115} INFO - [2023-02-20 14:14:56,687] {dag.py:2379} INFO - Sync 1 DAGs
[2023-02-20 14:14:56,859] {logging_mixin.py:115} INFO - [2023-02-20 14:14:56,858] {dag.py:2931} INFO - Setting next_dagrun for lowest_rated_movies to None, run_after=None
[2023-02-20 14:14:56,881] {processor.py:161} INFO - Processing /home/airflow/dags/lowest_rated_movies.py took 1.315 seconds
[2023-02-20 14:15:28,900] {processor.py:153} INFO - Started process (PID=312) to work on /home/airflow/dags/lowest_rated_movies.py
[2023-02-20 14:15:28,937] {processor.py:641} INFO - Processing file /home/airflow/dags/lowest_rated_movies.py for tasks to queue
[2023-02-20 14:15:28,955] {logging_mixin.py:115} INFO - [2023-02-20 14:15:28,954] {dagbag.py:507} INFO - Filling up the DagBag from /home/airflow/dags/lowest_rated_movies.py
[2023-02-20 14:15:29,470] {processor.py:651} INFO - DAG(s) dict_keys(['lowest_rated_movies']) retrieved from /home/airflow/dags/lowest_rated_movies.py
[2023-02-20 14:15:29,963] {logging_mixin.py:115} INFO - [2023-02-20 14:15:29,961] {dag.py:2379} INFO - Sync 1 DAGs
[2023-02-20 14:15:30,235] {logging_mixin.py:115} INFO - [2023-02-20 14:15:30,235] {dag.py:2931} INFO - Setting next_dagrun for lowest_rated_movies to None, run_after=None
[2023-02-20 14:15:30,269] {processor.py:161} INFO - Processing /home/airflow/dags/lowest_rated_movies.py took 1.510 seconds
[2023-02-20 14:16:01,225] {processor.py:153} INFO - Started process (PID=322) to work on /home/airflow/dags/lowest_rated_movies.py
[2023-02-20 14:16:01,240] {processor.py:641} INFO - Processing file /home/airflow/dags/lowest_rated_movies.py for tasks to queue
[2023-02-20 14:16:01,241] {logging_mixin.py:115} INFO - [2023-02-20 14:16:01,241] {dagbag.py:507} INFO - Filling up the DagBag from /home/airflow/dags/lowest_rated_movies.py
[2023-02-20 14:16:01,327] {processor.py:651} INFO - DAG(s) dict_keys(['lowest_rated_movies']) retrieved from /home/airflow/dags/lowest_rated_movies.py
[2023-02-20 14:16:01,424] {logging_mixin.py:115} INFO - [2023-02-20 14:16:01,424] {dag.py:2379} INFO - Sync 1 DAGs
[2023-02-20 14:16:01,495] {logging_mixin.py:115} INFO - [2023-02-20 14:16:01,495] {dag.py:2931} INFO - Setting next_dagrun for lowest_rated_movies to None, run_after=None
[2023-02-20 14:16:01,531] {processor.py:161} INFO - Processing /home/airflow/dags/lowest_rated_movies.py took 0.343 seconds
[2023-02-20 14:16:33,613] {processor.py:153} INFO - Started process (PID=332) to work on /home/airflow/dags/lowest_rated_movies.py
[2023-02-20 14:16:33,668] {processor.py:641} INFO - Processing file /home/airflow/dags/lowest_rated_movies.py for tasks to queue
[2023-02-20 14:16:33,685] {logging_mixin.py:115} INFO - [2023-02-20 14:16:33,685] {dagbag.py:507} INFO - Filling up the DagBag from /home/airflow/dags/lowest_rated_movies.py
[2023-02-20 14:16:34,243] {processor.py:651} INFO - DAG(s) dict_keys(['lowest_rated_movies']) retrieved from /home/airflow/dags/lowest_rated_movies.py
[2023-02-20 14:16:34,571] {logging_mixin.py:115} INFO - [2023-02-20 14:16:34,571] {dag.py:2379} INFO - Sync 1 DAGs
[2023-02-20 14:16:34,823] {logging_mixin.py:115} INFO - [2023-02-20 14:16:34,823] {dag.py:2931} INFO - Setting next_dagrun for lowest_rated_movies to None, run_after=None
[2023-02-20 14:16:34,859] {processor.py:161} INFO - Processing /home/airflow/dags/lowest_rated_movies.py took 1.354 seconds
[2023-02-20 14:17:06,646] {processor.py:153} INFO - Started process (PID=342) to work on /home/airflow/dags/lowest_rated_movies.py
[2023-02-20 14:17:06,697] {processor.py:641} INFO - Processing file /home/airflow/dags/lowest_rated_movies.py for tasks to queue
[2023-02-20 14:17:06,716] {logging_mixin.py:115} INFO - [2023-02-20 14:17:06,716] {dagbag.py:507} INFO - Filling up the DagBag from /home/airflow/dags/lowest_rated_movies.py
[2023-02-20 14:17:07,010] {processor.py:651} INFO - DAG(s) dict_keys(['lowest_rated_movies']) retrieved from /home/airflow/dags/lowest_rated_movies.py
[2023-02-20 14:17:07,368] {logging_mixin.py:115} INFO - [2023-02-20 14:17:07,368] {dag.py:2379} INFO - Sync 1 DAGs
[2023-02-20 14:17:07,483] {logging_mixin.py:115} INFO - [2023-02-20 14:17:07,483] {dag.py:2931} INFO - Setting next_dagrun for lowest_rated_movies to None, run_after=None
[2023-02-20 14:17:07,510] {processor.py:161} INFO - Processing /home/airflow/dags/lowest_rated_movies.py took 1.026 seconds
[2023-02-20 14:17:39,310] {processor.py:153} INFO - Started process (PID=352) to work on /home/airflow/dags/lowest_rated_movies.py
[2023-02-20 14:17:39,320] {processor.py:641} INFO - Processing file /home/airflow/dags/lowest_rated_movies.py for tasks to queue
[2023-02-20 14:17:39,325] {logging_mixin.py:115} INFO - [2023-02-20 14:17:39,324] {dagbag.py:507} INFO - Filling up the DagBag from /home/airflow/dags/lowest_rated_movies.py
[2023-02-20 14:17:39,514] {processor.py:651} INFO - DAG(s) dict_keys(['lowest_rated_movies']) retrieved from /home/airflow/dags/lowest_rated_movies.py
[2023-02-20 14:17:39,980] {logging_mixin.py:115} INFO - [2023-02-20 14:17:39,980] {dag.py:2379} INFO - Sync 1 DAGs
[2023-02-20 14:17:40,243] {logging_mixin.py:115} INFO - [2023-02-20 14:17:40,243] {dag.py:2931} INFO - Setting next_dagrun for lowest_rated_movies to None, run_after=None
[2023-02-20 14:17:40,304] {processor.py:161} INFO - Processing /home/airflow/dags/lowest_rated_movies.py took 1.048 seconds
[2023-02-20 14:18:14,111] {processor.py:153} INFO - Started process (PID=362) to work on /home/airflow/dags/lowest_rated_movies.py
[2023-02-20 14:18:14,161] {processor.py:641} INFO - Processing file /home/airflow/dags/lowest_rated_movies.py for tasks to queue
[2023-02-20 14:18:14,212] {logging_mixin.py:115} INFO - [2023-02-20 14:18:14,210] {dagbag.py:507} INFO - Filling up the DagBag from /home/airflow/dags/lowest_rated_movies.py
[2023-02-20 14:18:14,936] {processor.py:651} INFO - DAG(s) dict_keys(['lowest_rated_movies']) retrieved from /home/airflow/dags/lowest_rated_movies.py
[2023-02-20 14:18:15,493] {logging_mixin.py:115} INFO - [2023-02-20 14:18:15,493] {dag.py:2379} INFO - Sync 1 DAGs
[2023-02-20 14:18:15,636] {logging_mixin.py:115} INFO - [2023-02-20 14:18:15,636] {dag.py:2931} INFO - Setting next_dagrun for lowest_rated_movies to None, run_after=None
[2023-02-20 14:18:15,668] {processor.py:161} INFO - Processing /home/airflow/dags/lowest_rated_movies.py took 1.751 seconds
[2023-02-20 14:18:48,545] {processor.py:153} INFO - Started process (PID=372) to work on /home/airflow/dags/lowest_rated_movies.py
[2023-02-20 14:18:48,550] {processor.py:641} INFO - Processing file /home/airflow/dags/lowest_rated_movies.py for tasks to queue
[2023-02-20 14:18:48,553] {logging_mixin.py:115} INFO - [2023-02-20 14:18:48,553] {dagbag.py:507} INFO - Filling up the DagBag from /home/airflow/dags/lowest_rated_movies.py
[2023-02-20 14:18:48,777] {processor.py:651} INFO - DAG(s) dict_keys(['lowest_rated_movies']) retrieved from /home/airflow/dags/lowest_rated_movies.py
[2023-02-20 14:18:49,058] {logging_mixin.py:115} INFO - [2023-02-20 14:18:49,058] {dag.py:2379} INFO - Sync 1 DAGs
[2023-02-20 14:18:49,281] {logging_mixin.py:115} INFO - [2023-02-20 14:18:49,281] {dag.py:2931} INFO - Setting next_dagrun for lowest_rated_movies to None, run_after=None
[2023-02-20 14:18:49,354] {processor.py:161} INFO - Processing /home/airflow/dags/lowest_rated_movies.py took 0.849 seconds
[2023-02-20 14:19:21,513] {processor.py:153} INFO - Started process (PID=382) to work on /home/airflow/dags/lowest_rated_movies.py
[2023-02-20 14:19:21,520] {processor.py:641} INFO - Processing file /home/airflow/dags/lowest_rated_movies.py for tasks to queue
[2023-02-20 14:19:21,561] {logging_mixin.py:115} INFO - [2023-02-20 14:19:21,561] {dagbag.py:507} INFO - Filling up the DagBag from /home/airflow/dags/lowest_rated_movies.py
[2023-02-20 14:19:21,876] {processor.py:651} INFO - DAG(s) dict_keys(['lowest_rated_movies']) retrieved from /home/airflow/dags/lowest_rated_movies.py
[2023-02-20 14:19:21,994] {logging_mixin.py:115} INFO - [2023-02-20 14:19:21,993] {dag.py:2379} INFO - Sync 1 DAGs
[2023-02-20 14:19:22,059] {logging_mixin.py:115} INFO - [2023-02-20 14:19:22,059] {dag.py:2931} INFO - Setting next_dagrun for lowest_rated_movies to None, run_after=None
[2023-02-20 14:19:22,087] {processor.py:161} INFO - Processing /home/airflow/dags/lowest_rated_movies.py took 0.645 seconds
[2023-02-20 14:19:53,129] {processor.py:153} INFO - Started process (PID=392) to work on /home/airflow/dags/lowest_rated_movies.py
[2023-02-20 14:19:53,138] {processor.py:641} INFO - Processing file /home/airflow/dags/lowest_rated_movies.py for tasks to queue
[2023-02-20 14:19:53,160] {logging_mixin.py:115} INFO - [2023-02-20 14:19:53,158] {dagbag.py:507} INFO - Filling up the DagBag from /home/airflow/dags/lowest_rated_movies.py
[2023-02-20 14:19:53,339] {processor.py:651} INFO - DAG(s) dict_keys(['lowest_rated_movies']) retrieved from /home/airflow/dags/lowest_rated_movies.py
[2023-02-20 14:19:53,473] {logging_mixin.py:115} INFO - [2023-02-20 14:19:53,473] {dag.py:2379} INFO - Sync 1 DAGs
[2023-02-20 14:19:53,538] {logging_mixin.py:115} INFO - [2023-02-20 14:19:53,538] {dag.py:2931} INFO - Setting next_dagrun for lowest_rated_movies to None, run_after=None
[2023-02-20 14:19:53,565] {processor.py:161} INFO - Processing /home/airflow/dags/lowest_rated_movies.py took 0.487 seconds
[2023-02-20 14:20:27,377] {processor.py:153} INFO - Started process (PID=402) to work on /home/airflow/dags/lowest_rated_movies.py
[2023-02-20 14:20:27,418] {processor.py:641} INFO - Processing file /home/airflow/dags/lowest_rated_movies.py for tasks to queue
[2023-02-20 14:20:27,445] {logging_mixin.py:115} INFO - [2023-02-20 14:20:27,444] {dagbag.py:507} INFO - Filling up the DagBag from /home/airflow/dags/lowest_rated_movies.py
[2023-02-20 14:20:27,904] {processor.py:651} INFO - DAG(s) dict_keys(['lowest_rated_movies']) retrieved from /home/airflow/dags/lowest_rated_movies.py
[2023-02-20 14:20:28,650] {logging_mixin.py:115} INFO - [2023-02-20 14:20:28,650] {dag.py:2379} INFO - Sync 1 DAGs
[2023-02-20 14:20:28,880] {logging_mixin.py:115} INFO - [2023-02-20 14:20:28,880] {dag.py:2931} INFO - Setting next_dagrun for lowest_rated_movies to None, run_after=None
[2023-02-20 14:20:28,999] {processor.py:161} INFO - Processing /home/airflow/dags/lowest_rated_movies.py took 1.783 seconds
[2023-02-20 14:21:02,084] {processor.py:153} INFO - Started process (PID=412) to work on /home/airflow/dags/lowest_rated_movies.py
[2023-02-20 14:21:02,132] {processor.py:641} INFO - Processing file /home/airflow/dags/lowest_rated_movies.py for tasks to queue
[2023-02-20 14:21:02,228] {logging_mixin.py:115} INFO - [2023-02-20 14:21:02,227] {dagbag.py:507} INFO - Filling up the DagBag from /home/airflow/dags/lowest_rated_movies.py
[2023-02-20 14:21:02,518] {processor.py:651} INFO - DAG(s) dict_keys(['lowest_rated_movies']) retrieved from /home/airflow/dags/lowest_rated_movies.py
[2023-02-20 14:21:02,729] {logging_mixin.py:115} INFO - [2023-02-20 14:21:02,729] {dag.py:2379} INFO - Sync 1 DAGs
[2023-02-20 14:21:02,871] {logging_mixin.py:115} INFO - [2023-02-20 14:21:02,871] {dag.py:2931} INFO - Setting next_dagrun for lowest_rated_movies to None, run_after=None
[2023-02-20 14:21:02,958] {processor.py:161} INFO - Processing /home/airflow/dags/lowest_rated_movies.py took 0.980 seconds
[2023-02-20 14:21:34,619] {processor.py:153} INFO - Started process (PID=422) to work on /home/airflow/dags/lowest_rated_movies.py
[2023-02-20 14:21:34,644] {processor.py:641} INFO - Processing file /home/airflow/dags/lowest_rated_movies.py for tasks to queue
[2023-02-20 14:21:34,652] {logging_mixin.py:115} INFO - [2023-02-20 14:21:34,652] {dagbag.py:507} INFO - Filling up the DagBag from /home/airflow/dags/lowest_rated_movies.py
[2023-02-20 14:21:34,938] {processor.py:651} INFO - DAG(s) dict_keys(['lowest_rated_movies']) retrieved from /home/airflow/dags/lowest_rated_movies.py
[2023-02-20 14:21:35,217] {logging_mixin.py:115} INFO - [2023-02-20 14:21:35,217] {dag.py:2379} INFO - Sync 1 DAGs
[2023-02-20 14:21:35,283] {logging_mixin.py:115} INFO - [2023-02-20 14:21:35,283] {dag.py:2931} INFO - Setting next_dagrun for lowest_rated_movies to None, run_after=None
[2023-02-20 14:21:35,299] {processor.py:161} INFO - Processing /home/airflow/dags/lowest_rated_movies.py took 0.813 seconds
