[2023-02-20 13:21:43,999] {taskinstance.py:1159} INFO - Dependencies all met for <TaskInstance: avg_product_price.spark_submit manual__2023-02-20T13:21:31.340634+00:00 [queued]>
[2023-02-20 13:21:44,026] {taskinstance.py:1159} INFO - Dependencies all met for <TaskInstance: avg_product_price.spark_submit manual__2023-02-20T13:21:31.340634+00:00 [queued]>
[2023-02-20 13:21:44,028] {taskinstance.py:1356} INFO - 
--------------------------------------------------------------------------------
[2023-02-20 13:21:44,031] {taskinstance.py:1357} INFO - Starting attempt 1 of 2
[2023-02-20 13:21:44,033] {taskinstance.py:1358} INFO - 
--------------------------------------------------------------------------------
[2023-02-20 13:21:44,080] {taskinstance.py:1377} INFO - Executing <Task(SparkSubmitOperator): spark_submit> on 2023-02-20 13:21:31.340634+00:00
[2023-02-20 13:21:44,151] {standard_task_runner.py:52} INFO - Started process 462 to run task
[2023-02-20 13:21:44,177] {standard_task_runner.py:79} INFO - Running: ['***', 'tasks', 'run', 'avg_product_price', 'spark_submit', 'manual__2023-02-20T13:21:31.340634+00:00', '--job-id', '2', '--raw', '--subdir', 'DAGS_FOLDER/avg_product_price.py', '--cfg-path', '/tmp/tmp7aubp1do', '--error-file', '/tmp/tmpbqclfxus']
[2023-02-20 13:21:44,190] {standard_task_runner.py:80} INFO - Job 2: Subtask spark_submit
[2023-02-20 13:21:44,316] {task_command.py:370} INFO - Running <TaskInstance: avg_product_price.spark_submit manual__2023-02-20T13:21:31.340634+00:00 [running]> on host 3fe5f36a15f1
[2023-02-20 13:21:44,593] {taskinstance.py:1571} INFO - Exporting the following env vars:
AIRFLOW_CTX_DAG_OWNER=ayyoub
AIRFLOW_CTX_DAG_ID=avg_product_price
AIRFLOW_CTX_TASK_ID=spark_submit
AIRFLOW_CTX_EXECUTION_DATE=2023-02-20T13:21:31.340634+00:00
AIRFLOW_CTX_TRY_NUMBER=1
AIRFLOW_CTX_DAG_RUN_ID=manual__2023-02-20T13:21:31.340634+00:00
[2023-02-20 13:21:44,666] {base.py:68} INFO - Using connection ID 'spark-hadoop' for task execution.
[2023-02-20 13:21:44,669] {spark_submit.py:344} INFO - Spark-Submit cmd: spark-submit --master local[*] --name arrow-spark /hadoop-data/map_reduce/spark/average_price.py
[2023-02-20 13:22:07,476] {spark_submit.py:495} INFO - 23/02/20 13:22:07 INFO SparkContext: Running Spark version 3.3.1
[2023-02-20 13:22:08,179] {spark_submit.py:495} INFO - 23/02/20 13:22:08 WARN NativeCodeLoader: Unable to load native-hadoop library for your platform... using builtin-java classes where applicable
[2023-02-20 13:22:08,741] {spark_submit.py:495} INFO - 23/02/20 13:22:08 INFO ResourceUtils: ==============================================================
[2023-02-20 13:22:08,746] {spark_submit.py:495} INFO - 23/02/20 13:22:08 INFO ResourceUtils: No custom resources configured for spark.driver.
[2023-02-20 13:22:08,756] {spark_submit.py:495} INFO - 23/02/20 13:22:08 INFO ResourceUtils: ==============================================================
[2023-02-20 13:22:08,767] {spark_submit.py:495} INFO - 23/02/20 13:22:08 INFO SparkContext: Submitted application: average_product_price
[2023-02-20 13:22:08,865] {spark_submit.py:495} INFO - 23/02/20 13:22:08 INFO ResourceProfile: Default ResourceProfile created, executor resources: Map(cores -> name: cores, amount: 1, script: , vendor: , memory -> name: memory, amount: 1024, script: , vendor: , offHeap -> name: offHeap, amount: 0, script: , vendor: ), task resources: Map(cpus -> name: cpus, amount: 1.0)
[2023-02-20 13:22:08,914] {spark_submit.py:495} INFO - 23/02/20 13:22:08 INFO ResourceProfile: Limiting resource is cpu
[2023-02-20 13:22:08,916] {spark_submit.py:495} INFO - 23/02/20 13:22:08 INFO ResourceProfileManager: Added ResourceProfile id: 0
[2023-02-20 13:22:09,227] {spark_submit.py:495} INFO - 23/02/20 13:22:09 INFO SecurityManager: Changing view acls to: ***
[2023-02-20 13:22:09,235] {spark_submit.py:495} INFO - 23/02/20 13:22:09 INFO SecurityManager: Changing modify acls to: ***
[2023-02-20 13:22:09,241] {spark_submit.py:495} INFO - 23/02/20 13:22:09 INFO SecurityManager: Changing view acls groups to:
[2023-02-20 13:22:09,248] {spark_submit.py:495} INFO - 23/02/20 13:22:09 INFO SecurityManager: Changing modify acls groups to:
[2023-02-20 13:22:09,252] {spark_submit.py:495} INFO - 23/02/20 13:22:09 INFO SecurityManager: SecurityManager: authentication disabled; ui acls disabled; users  with view permissions: Set(***); groups with view permissions: Set(); users  with modify permissions: Set(***); groups with modify permissions: Set()
[2023-02-20 13:22:10,580] {spark_submit.py:495} INFO - 23/02/20 13:22:10 INFO Utils: Successfully started service 'sparkDriver' on port 42189.
[2023-02-20 13:22:10,699] {spark_submit.py:495} INFO - 23/02/20 13:22:10 INFO SparkEnv: Registering MapOutputTracker
[2023-02-20 13:22:10,853] {spark_submit.py:495} INFO - 23/02/20 13:22:10 INFO SparkEnv: Registering BlockManagerMaster
[2023-02-20 13:22:10,957] {spark_submit.py:495} INFO - 23/02/20 13:22:10 INFO BlockManagerMasterEndpoint: Using org.apache.spark.storage.DefaultTopologyMapper for getting topology information
[2023-02-20 13:22:10,961] {spark_submit.py:495} INFO - 23/02/20 13:22:10 INFO BlockManagerMasterEndpoint: BlockManagerMasterEndpoint up
[2023-02-20 13:22:10,973] {spark_submit.py:495} INFO - 23/02/20 13:22:10 INFO SparkEnv: Registering BlockManagerMasterHeartbeat
[2023-02-20 13:22:11,074] {spark_submit.py:495} INFO - 23/02/20 13:22:11 INFO DiskBlockManager: Created local directory at /tmp/blockmgr-6ad12e46-b86d-4c53-90fe-b94db3bcb081
[2023-02-20 13:22:11,166] {spark_submit.py:495} INFO - 23/02/20 13:22:11 INFO MemoryStore: MemoryStore started with capacity 434.4 MiB
[2023-02-20 13:22:11,266] {spark_submit.py:495} INFO - 23/02/20 13:22:11 INFO SparkEnv: Registering OutputCommitCoordinator
[2023-02-20 13:22:16,332] {spark_submit.py:495} INFO - 23/02/20 13:22:16 INFO Utils: Successfully started service 'SparkUI' on port 4040.
[2023-02-20 13:22:20,494] {spark_submit.py:495} INFO - 23/02/20 13:22:20 INFO Executor: Starting executor ID driver on host 3fe5f36a15f1
[2023-02-20 13:22:20,540] {spark_submit.py:495} INFO - 23/02/20 13:22:20 INFO Executor: Starting executor with user classpath (userClassPathFirst = false): ''
[2023-02-20 13:22:20,717] {spark_submit.py:495} INFO - 23/02/20 13:22:20 INFO Utils: Successfully started service 'org.apache.spark.network.netty.NettyBlockTransferService' on port 36891.
[2023-02-20 13:22:20,722] {spark_submit.py:495} INFO - 23/02/20 13:22:20 INFO NettyBlockTransferService: Server created on 3fe5f36a15f1:36891
[2023-02-20 13:22:20,734] {spark_submit.py:495} INFO - 23/02/20 13:22:20 INFO BlockManager: Using org.apache.spark.storage.RandomBlockReplicationPolicy for block replication policy
[2023-02-20 13:22:20,759] {spark_submit.py:495} INFO - 23/02/20 13:22:20 INFO BlockManagerMaster: Registering BlockManager BlockManagerId(driver, 3fe5f36a15f1, 36891, None)
[2023-02-20 13:22:20,795] {spark_submit.py:495} INFO - 23/02/20 13:22:20 INFO BlockManagerMasterEndpoint: Registering block manager 3fe5f36a15f1:36891 with 434.4 MiB RAM, BlockManagerId(driver, 3fe5f36a15f1, 36891, None)
[2023-02-20 13:22:20,814] {spark_submit.py:495} INFO - 23/02/20 13:22:20 INFO BlockManagerMaster: Registered BlockManager BlockManagerId(driver, 3fe5f36a15f1, 36891, None)
[2023-02-20 13:22:20,893] {spark_submit.py:495} INFO - 23/02/20 13:22:20 INFO BlockManager: Initialized BlockManager: BlockManagerId(driver, 3fe5f36a15f1, 36891, None)
[2023-02-20 13:22:22,502] {spark_submit.py:495} INFO - /opt/spark-3.3.1-bin-hadoop3/python/lib/pyspark.zip/pyspark/sql/context.py:114: FutureWarning: Deprecated in 3.0.0. Use SparkSession.builder.getOrCreate() instead.
[2023-02-20 13:22:23,596] {spark_submit.py:495} INFO - 23/02/20 13:22:23 INFO SharedState: Setting hive.metastore.warehouse.dir ('null') to the value of spark.sql.warehouse.dir.
[2023-02-20 13:22:23,644] {spark_submit.py:495} INFO - 23/02/20 13:22:23 INFO SharedState: Warehouse path is 'file:/home/***/spark-warehouse'.
[2023-02-20 13:22:31,968] {spark_submit.py:495} INFO - 23/02/20 13:22:31 INFO InMemoryFileIndex: It took 1952 ms to list leaf files for 1 paths.
[2023-02-20 13:22:32,679] {spark_submit.py:495} INFO - 23/02/20 13:22:32 INFO InMemoryFileIndex: It took 20 ms to list leaf files for 1 paths.
[2023-02-20 13:22:39,473] {spark_submit.py:495} INFO - 23/02/20 13:22:39 INFO FileSourceStrategy: Pushed Filters:
[2023-02-20 13:22:39,483] {spark_submit.py:495} INFO - 23/02/20 13:22:39 INFO FileSourceStrategy: Post-Scan Filters: (length(trim(value#0, None)) > 0)
[2023-02-20 13:22:39,486] {spark_submit.py:495} INFO - 23/02/20 13:22:39 INFO FileSourceStrategy: Output Data Schema: struct<value: string>
[2023-02-20 13:22:41,236] {spark_submit.py:495} INFO - 23/02/20 13:22:41 INFO CodeGenerator: Code generated in 496.515501 ms
[2023-02-20 13:22:41,498] {spark_submit.py:495} INFO - 23/02/20 13:22:41 INFO MemoryStore: Block broadcast_0 stored as values in memory (estimated size 210.1 KiB, free 434.2 MiB)
[2023-02-20 13:22:42,275] {spark_submit.py:495} INFO - 23/02/20 13:22:42 INFO MemoryStore: Block broadcast_0_piece0 stored as bytes in memory (estimated size 35.5 KiB, free 434.2 MiB)
[2023-02-20 13:22:42,310] {spark_submit.py:495} INFO - 23/02/20 13:22:42 INFO BlockManagerInfo: Added broadcast_0_piece0 in memory on 3fe5f36a15f1:36891 (size: 35.5 KiB, free: 434.4 MiB)
[2023-02-20 13:22:42,345] {spark_submit.py:495} INFO - 23/02/20 13:22:42 INFO SparkContext: Created broadcast 0 from csv at NativeMethodAccessorImpl.java:0
[2023-02-20 13:22:42,446] {spark_submit.py:495} INFO - 23/02/20 13:22:42 INFO FileSourceScanExec: Planning scan with bin packing, max size: 4194304 bytes, open cost is considered as scanning 4194304 bytes.
[2023-02-20 13:22:44,909] {spark_submit.py:495} INFO - 23/02/20 13:22:44 INFO SparkContext: Starting job: csv at NativeMethodAccessorImpl.java:0
[2023-02-20 13:22:44,980] {spark_submit.py:495} INFO - 23/02/20 13:22:44 INFO DAGScheduler: Got job 0 (csv at NativeMethodAccessorImpl.java:0) with 1 output partitions
[2023-02-20 13:22:44,999] {spark_submit.py:495} INFO - 23/02/20 13:22:44 INFO DAGScheduler: Final stage: ResultStage 0 (csv at NativeMethodAccessorImpl.java:0)
[2023-02-20 13:22:45,006] {spark_submit.py:495} INFO - 23/02/20 13:22:44 INFO DAGScheduler: Parents of final stage: List()
[2023-02-20 13:22:45,011] {spark_submit.py:495} INFO - 23/02/20 13:22:44 INFO DAGScheduler: Missing parents: List()
[2023-02-20 13:22:45,018] {spark_submit.py:495} INFO - 23/02/20 13:22:45 INFO DAGScheduler: Submitting ResultStage 0 (MapPartitionsRDD[3] at csv at NativeMethodAccessorImpl.java:0), which has no missing parents
[2023-02-20 13:22:45,252] {spark_submit.py:495} INFO - 23/02/20 13:22:45 INFO MemoryStore: Block broadcast_1 stored as values in memory (estimated size 11.8 KiB, free 434.1 MiB)
[2023-02-20 13:22:45,311] {spark_submit.py:495} INFO - 23/02/20 13:22:45 INFO MemoryStore: Block broadcast_1_piece0 stored as bytes in memory (estimated size 5.9 KiB, free 434.1 MiB)
[2023-02-20 13:22:45,320] {spark_submit.py:495} INFO - 23/02/20 13:22:45 INFO BlockManagerInfo: Added broadcast_1_piece0 in memory on 3fe5f36a15f1:36891 (size: 5.9 KiB, free: 434.4 MiB)
[2023-02-20 13:22:45,325] {spark_submit.py:495} INFO - 23/02/20 13:22:45 INFO SparkContext: Created broadcast 1 from broadcast at DAGScheduler.scala:1513
[2023-02-20 13:22:45,372] {spark_submit.py:495} INFO - 23/02/20 13:22:45 INFO DAGScheduler: Submitting 1 missing tasks from ResultStage 0 (MapPartitionsRDD[3] at csv at NativeMethodAccessorImpl.java:0) (first 15 tasks are for partitions Vector(0))
[2023-02-20 13:22:45,386] {spark_submit.py:495} INFO - 23/02/20 13:22:45 INFO TaskSchedulerImpl: Adding task set 0.0 with 1 tasks resource profile 0
[2023-02-20 13:22:45,507] {spark_submit.py:495} INFO - 23/02/20 13:22:45 INFO TaskSetManager: Starting task 0.0 in stage 0.0 (TID 0) (3fe5f36a15f1, executor driver, partition 0, ANY, 4917 bytes) taskResourceAssignments Map()
[2023-02-20 13:22:45,560] {spark_submit.py:495} INFO - 23/02/20 13:22:45 INFO Executor: Running task 0.0 in stage 0.0 (TID 0)
[2023-02-20 13:22:45,807] {spark_submit.py:495} INFO - 23/02/20 13:22:45 INFO FileScanRDD: Reading File path: hdfs://namenode:8020/user/root/input/Sales.csv, range: 0-1593386, partition values: [empty row]
[2023-02-20 13:22:45,834] {spark_submit.py:495} INFO - 23/02/20 13:22:45 INFO CodeGenerator: Code generated in 15.590958 ms
[2023-02-20 13:22:55,140] {spark_submit.py:495} INFO - 23/02/20 13:22:54 INFO AsyncEventQueue: Process of event SparkListenerExecutorMetricsUpdate(driver,WrappedArray(),Map((-1,-1) -> org.apache.spark.executor.ExecutorMetrics@38b71cb)) by listener AppStatusListener took 1.229227334s.
[2023-02-20 13:22:56,207] {spark_submit.py:495} INFO - 23/02/20 13:22:56 INFO Executor: Finished task 0.0 in stage 0.0 (TID 0). 1630 bytes result sent to driver
[2023-02-20 13:22:56,278] {spark_submit.py:495} INFO - 23/02/20 13:22:56 INFO TaskSetManager: Finished task 0.0 in stage 0.0 (TID 0) in 10801 ms on 3fe5f36a15f1 (executor driver) (1/1)
[2023-02-20 13:22:56,294] {spark_submit.py:495} INFO - 23/02/20 13:22:56 INFO TaskSchedulerImpl: Removed TaskSet 0.0, whose tasks have all completed, from pool
[2023-02-20 13:22:56,330] {spark_submit.py:495} INFO - 23/02/20 13:22:56 INFO DAGScheduler: ResultStage 0 (csv at NativeMethodAccessorImpl.java:0) finished in 11.265 s
[2023-02-20 13:22:56,340] {spark_submit.py:495} INFO - 23/02/20 13:22:56 INFO DAGScheduler: Job 0 is finished. Cancelling potential speculative or zombie tasks for this job
[2023-02-20 13:22:56,344] {spark_submit.py:495} INFO - 23/02/20 13:22:56 INFO TaskSchedulerImpl: Killing all running tasks in stage 0: Stage finished
[2023-02-20 13:22:56,362] {spark_submit.py:495} INFO - 23/02/20 13:22:56 INFO DAGScheduler: Job 0 finished: csv at NativeMethodAccessorImpl.java:0, took 11.462692 s
[2023-02-20 13:22:56,672] {spark_submit.py:495} INFO - 23/02/20 13:22:56 INFO CodeGenerator: Code generated in 129.200167 ms
[2023-02-20 13:22:57,960] {spark_submit.py:495} INFO - 23/02/20 13:22:57 INFO BlockManagerInfo: Removed broadcast_1_piece0 on 3fe5f36a15f1:36891 in memory (size: 5.9 KiB, free: 434.4 MiB)
[2023-02-20 13:22:58,222] {spark_submit.py:495} INFO - 23/02/20 13:22:58 INFO FileSourceStrategy: Pushed Filters:
[2023-02-20 13:22:58,235] {spark_submit.py:495} INFO - 23/02/20 13:22:58 INFO FileSourceStrategy: Post-Scan Filters:
[2023-02-20 13:22:58,240] {spark_submit.py:495} INFO - 23/02/20 13:22:58 INFO FileSourceStrategy: Output Data Schema: struct<value: string>
[2023-02-20 13:22:58,531] {spark_submit.py:495} INFO - 23/02/20 13:22:58 INFO MemoryStore: Block broadcast_2 stored as values in memory (estimated size 210.1 KiB, free 434.0 MiB)
[2023-02-20 13:22:58,795] {spark_submit.py:495} INFO - 23/02/20 13:22:58 INFO MemoryStore: Block broadcast_2_piece0 stored as bytes in memory (estimated size 35.5 KiB, free 433.9 MiB)
[2023-02-20 13:22:58,831] {spark_submit.py:495} INFO - 23/02/20 13:22:58 INFO BlockManagerInfo: Added broadcast_2_piece0 in memory on 3fe5f36a15f1:36891 (size: 35.5 KiB, free: 434.3 MiB)
[2023-02-20 13:22:58,883] {spark_submit.py:495} INFO - 23/02/20 13:22:58 INFO SparkContext: Created broadcast 2 from csv at NativeMethodAccessorImpl.java:0
[2023-02-20 13:22:59,003] {spark_submit.py:495} INFO - 23/02/20 13:22:59 INFO FileSourceScanExec: Planning scan with bin packing, max size: 4194304 bytes, open cost is considered as scanning 4194304 bytes.
[2023-02-20 13:23:03,518] {spark_submit.py:495} INFO - 23/02/20 13:23:03 INFO FileSourceStrategy: Pushed Filters:
[2023-02-20 13:23:03,538] {spark_submit.py:495} INFO - 23/02/20 13:23:03 INFO FileSourceStrategy: Post-Scan Filters:
[2023-02-20 13:23:03,553] {spark_submit.py:495} INFO - 23/02/20 13:23:03 INFO FileSourceStrategy: Output Data Schema: struct<Product: string, Price Each: string>
[2023-02-20 13:23:05,198] {spark_submit.py:495} INFO - 23/02/20 13:23:05 INFO FileOutputCommitter: File Output Committer Algorithm version is 1
[2023-02-20 13:23:05,201] {spark_submit.py:495} INFO - 23/02/20 13:23:05 INFO FileOutputCommitter: FileOutputCommitter skip cleanup _temporary folders under output directory:false, ignore cleanup failures: false
[2023-02-20 13:23:05,203] {spark_submit.py:495} INFO - 23/02/20 13:23:05 INFO SQLHadoopMapReduceCommitProtocol: Using output committer class org.apache.hadoop.mapreduce.lib.output.FileOutputCommitter
[2023-02-20 13:23:06,074] {spark_submit.py:495} INFO - 23/02/20 13:23:06 INFO CodeGenerator: Code generated in 394.244 ms
[2023-02-20 13:23:06,109] {spark_submit.py:495} INFO - 23/02/20 13:23:06 INFO MemoryStore: Block broadcast_3 stored as values in memory (estimated size 210.0 KiB, free 433.7 MiB)
[2023-02-20 13:23:06,156] {spark_submit.py:495} INFO - 23/02/20 13:23:06 INFO MemoryStore: Block broadcast_3_piece0 stored as bytes in memory (estimated size 35.4 KiB, free 433.7 MiB)
[2023-02-20 13:23:06,173] {spark_submit.py:495} INFO - 23/02/20 13:23:06 INFO BlockManagerInfo: Added broadcast_3_piece0 in memory on 3fe5f36a15f1:36891 (size: 35.4 KiB, free: 434.3 MiB)
[2023-02-20 13:23:06,191] {spark_submit.py:495} INFO - 23/02/20 13:23:06 INFO SparkContext: Created broadcast 3 from csv at NativeMethodAccessorImpl.java:0
[2023-02-20 13:23:06,209] {spark_submit.py:495} INFO - 23/02/20 13:23:06 INFO FileSourceScanExec: Planning scan with bin packing, max size: 4194304 bytes, open cost is considered as scanning 4194304 bytes.
[2023-02-20 13:23:06,634] {spark_submit.py:495} INFO - 23/02/20 13:23:06 INFO DAGScheduler: Registering RDD 13 (csv at NativeMethodAccessorImpl.java:0) as input to shuffle 0
[2023-02-20 13:23:06,740] {spark_submit.py:495} INFO - 23/02/20 13:23:06 INFO DAGScheduler: Got map stage job 1 (csv at NativeMethodAccessorImpl.java:0) with 1 output partitions
[2023-02-20 13:23:06,748] {spark_submit.py:495} INFO - 23/02/20 13:23:06 INFO DAGScheduler: Final stage: ShuffleMapStage 1 (csv at NativeMethodAccessorImpl.java:0)
[2023-02-20 13:23:06,752] {spark_submit.py:495} INFO - 23/02/20 13:23:06 INFO DAGScheduler: Parents of final stage: List()
[2023-02-20 13:23:06,764] {spark_submit.py:495} INFO - 23/02/20 13:23:06 INFO DAGScheduler: Missing parents: List()
[2023-02-20 13:23:06,768] {spark_submit.py:495} INFO - 23/02/20 13:23:06 INFO DAGScheduler: Submitting ShuffleMapStage 1 (MapPartitionsRDD[13] at csv at NativeMethodAccessorImpl.java:0), which has no missing parents
[2023-02-20 13:23:06,783] {spark_submit.py:495} INFO - 23/02/20 13:23:06 INFO MemoryStore: Block broadcast_4 stored as values in memory (estimated size 40.8 KiB, free 433.6 MiB)
[2023-02-20 13:23:06,785] {spark_submit.py:495} INFO - 23/02/20 13:23:06 INFO MemoryStore: Block broadcast_4_piece0 stored as bytes in memory (estimated size 19.0 KiB, free 433.6 MiB)
[2023-02-20 13:23:06,787] {spark_submit.py:495} INFO - 23/02/20 13:23:06 INFO BlockManagerInfo: Added broadcast_4_piece0 in memory on 3fe5f36a15f1:36891 (size: 19.0 KiB, free: 434.3 MiB)
[2023-02-20 13:23:06,788] {spark_submit.py:495} INFO - 23/02/20 13:23:06 INFO SparkContext: Created broadcast 4 from broadcast at DAGScheduler.scala:1513
[2023-02-20 13:23:06,791] {spark_submit.py:495} INFO - 23/02/20 13:23:06 INFO DAGScheduler: Submitting 1 missing tasks from ShuffleMapStage 1 (MapPartitionsRDD[13] at csv at NativeMethodAccessorImpl.java:0) (first 15 tasks are for partitions Vector(0))
[2023-02-20 13:23:06,795] {spark_submit.py:495} INFO - 23/02/20 13:23:06 INFO TaskSchedulerImpl: Adding task set 1.0 with 1 tasks resource profile 0
[2023-02-20 13:23:06,800] {spark_submit.py:495} INFO - 23/02/20 13:23:06 INFO TaskSetManager: Starting task 0.0 in stage 1.0 (TID 1) (3fe5f36a15f1, executor driver, partition 0, ANY, 4906 bytes) taskResourceAssignments Map()
[2023-02-20 13:23:06,807] {spark_submit.py:495} INFO - 23/02/20 13:23:06 INFO Executor: Running task 0.0 in stage 1.0 (TID 1)
[2023-02-20 13:23:06,886] {spark_submit.py:495} INFO - 23/02/20 13:23:06 INFO CodeGenerator: Code generated in 9.661333 ms
[2023-02-20 13:23:06,936] {spark_submit.py:495} INFO - 23/02/20 13:23:06 INFO CodeGenerator: Code generated in 7.450833 ms
[2023-02-20 13:23:06,981] {spark_submit.py:495} INFO - 23/02/20 13:23:06 INFO CodeGenerator: Code generated in 19.009542 ms
[2023-02-20 13:23:07,005] {spark_submit.py:495} INFO - 23/02/20 13:23:07 INFO FileScanRDD: Reading File path: hdfs://namenode:8020/user/root/input/Sales.csv, range: 0-1593386, partition values: [empty row]
[2023-02-20 13:23:07,044] {spark_submit.py:495} INFO - 23/02/20 13:23:07 INFO CodeGenerator: Code generated in 27.475166 ms
[2023-02-20 13:23:08,374] {spark_submit.py:495} INFO - 23/02/20 13:23:08 INFO Executor: Finished task 0.0 in stage 1.0 (TID 1). 2813 bytes result sent to driver
[2023-02-20 13:23:08,378] {spark_submit.py:495} INFO - 23/02/20 13:23:08 INFO TaskSetManager: Finished task 0.0 in stage 1.0 (TID 1) in 1580 ms on 3fe5f36a15f1 (executor driver) (1/1)
[2023-02-20 13:23:08,379] {spark_submit.py:495} INFO - 23/02/20 13:23:08 INFO TaskSchedulerImpl: Removed TaskSet 1.0, whose tasks have all completed, from pool
[2023-02-20 13:23:08,383] {spark_submit.py:495} INFO - 23/02/20 13:23:08 INFO DAGScheduler: ShuffleMapStage 1 (csv at NativeMethodAccessorImpl.java:0) finished in 1.619 s
[2023-02-20 13:23:08,384] {spark_submit.py:495} INFO - 23/02/20 13:23:08 INFO DAGScheduler: looking for newly runnable stages
[2023-02-20 13:23:08,385] {spark_submit.py:495} INFO - 23/02/20 13:23:08 INFO DAGScheduler: running: Set()
[2023-02-20 13:23:08,386] {spark_submit.py:495} INFO - 23/02/20 13:23:08 INFO DAGScheduler: waiting: Set()
[2023-02-20 13:23:08,387] {spark_submit.py:495} INFO - 23/02/20 13:23:08 INFO DAGScheduler: failed: Set()
[2023-02-20 13:23:08,425] {spark_submit.py:495} INFO - 23/02/20 13:23:08 INFO ShufflePartitionsUtil: For shuffle(0), advisory target size: 67108864, actual target size 1048576, minimum partition size: 1048576
[2023-02-20 13:23:08,463] {spark_submit.py:495} INFO - 23/02/20 13:23:08 INFO HashAggregateExec: spark.sql.codegen.aggregate.map.twolevel.enabled is set to true, but current version of codegened fast hashmap does not support this aggregate.
[2023-02-20 13:23:08,503] {spark_submit.py:495} INFO - 23/02/20 13:23:08 INFO CodeGenerator: Code generated in 19.478666 ms
[2023-02-20 13:23:08,559] {spark_submit.py:495} INFO - 23/02/20 13:23:08 INFO SparkContext: Starting job: csv at NativeMethodAccessorImpl.java:0
[2023-02-20 13:23:08,564] {spark_submit.py:495} INFO - 23/02/20 13:23:08 INFO DAGScheduler: Got job 2 (csv at NativeMethodAccessorImpl.java:0) with 1 output partitions
[2023-02-20 13:23:08,572] {spark_submit.py:495} INFO - 23/02/20 13:23:08 INFO DAGScheduler: Final stage: ResultStage 3 (csv at NativeMethodAccessorImpl.java:0)
[2023-02-20 13:23:08,579] {spark_submit.py:495} INFO - 23/02/20 13:23:08 INFO DAGScheduler: Parents of final stage: List(ShuffleMapStage 2)
[2023-02-20 13:23:08,581] {spark_submit.py:495} INFO - 23/02/20 13:23:08 INFO DAGScheduler: Missing parents: List()
[2023-02-20 13:23:08,586] {spark_submit.py:495} INFO - 23/02/20 13:23:08 INFO DAGScheduler: Submitting ResultStage 3 (MapPartitionsRDD[15] at csv at NativeMethodAccessorImpl.java:0), which has no missing parents
[2023-02-20 13:23:08,597] {spark_submit.py:495} INFO - 23/02/20 13:23:08 INFO MemoryStore: Block broadcast_5 stored as values in memory (estimated size 243.5 KiB, free 433.4 MiB)
[2023-02-20 13:23:08,599] {spark_submit.py:495} INFO - 23/02/20 13:23:08 INFO MemoryStore: Block broadcast_5_piece0 stored as bytes in memory (estimated size 91.1 KiB, free 433.3 MiB)
[2023-02-20 13:23:08,603] {spark_submit.py:495} INFO - 23/02/20 13:23:08 INFO BlockManagerInfo: Added broadcast_5_piece0 in memory on 3fe5f36a15f1:36891 (size: 91.1 KiB, free: 434.2 MiB)
[2023-02-20 13:23:08,615] {spark_submit.py:495} INFO - 23/02/20 13:23:08 INFO SparkContext: Created broadcast 5 from broadcast at DAGScheduler.scala:1513
[2023-02-20 13:23:08,630] {spark_submit.py:495} INFO - 23/02/20 13:23:08 INFO DAGScheduler: Submitting 1 missing tasks from ResultStage 3 (MapPartitionsRDD[15] at csv at NativeMethodAccessorImpl.java:0) (first 15 tasks are for partitions Vector(0))
[2023-02-20 13:23:08,638] {spark_submit.py:495} INFO - 23/02/20 13:23:08 INFO TaskSchedulerImpl: Adding task set 3.0 with 1 tasks resource profile 0
[2023-02-20 13:23:08,643] {spark_submit.py:495} INFO - 23/02/20 13:23:08 INFO TaskSetManager: Starting task 0.0 in stage 3.0 (TID 2) (3fe5f36a15f1, executor driver, partition 0, NODE_LOCAL, 4453 bytes) taskResourceAssignments Map()
[2023-02-20 13:23:08,653] {spark_submit.py:495} INFO - 23/02/20 13:23:08 INFO Executor: Running task 0.0 in stage 3.0 (TID 2)
[2023-02-20 13:23:08,837] {spark_submit.py:495} INFO - 23/02/20 13:23:08 INFO BlockManagerInfo: Removed broadcast_4_piece0 on 3fe5f36a15f1:36891 in memory (size: 19.0 KiB, free: 434.2 MiB)
[2023-02-20 13:23:08,881] {spark_submit.py:495} INFO - 23/02/20 13:23:08 INFO ShuffleBlockFetcherIterator: Getting 1 (1905.0 B) non-empty blocks including 1 (1905.0 B) local and 0 (0.0 B) host-local and 0 (0.0 B) push-merged-local and 0 (0.0 B) remote blocks
[2023-02-20 13:23:08,884] {spark_submit.py:495} INFO - 23/02/20 13:23:08 INFO ShuffleBlockFetcherIterator: Started 0 remote fetches in 10 ms
[2023-02-20 13:23:08,892] {spark_submit.py:495} INFO - 23/02/20 13:23:08 INFO FileOutputCommitter: File Output Committer Algorithm version is 1
[2023-02-20 13:23:08,893] {spark_submit.py:495} INFO - 23/02/20 13:23:08 INFO FileOutputCommitter: FileOutputCommitter skip cleanup _temporary folders under output directory:false, ignore cleanup failures: false
[2023-02-20 13:23:08,895] {spark_submit.py:495} INFO - 23/02/20 13:23:08 INFO SQLHadoopMapReduceCommitProtocol: Using output committer class org.apache.hadoop.mapreduce.lib.output.FileOutputCommitter
[2023-02-20 13:23:10,438] {spark_submit.py:495} INFO - 23/02/20 13:23:10 INFO FileOutputCommitter: Saved output of task 'attempt_202302201323083940394088932781024_0003_m_000000_2' to hdfs://namenode:8020/user/root/output/average_price.csv/_temporary/0/task_202302201323083940394088932781024_0003_m_000000
[2023-02-20 13:23:10,447] {spark_submit.py:495} INFO - 23/02/20 13:23:10 INFO SparkHadoopMapRedUtil: attempt_202302201323083940394088932781024_0003_m_000000_2: Committed. Elapsed time: 42 ms.
[2023-02-20 13:23:10,480] {spark_submit.py:495} INFO - 23/02/20 13:23:10 INFO Executor: Finished task 0.0 in stage 3.0 (TID 2). 4897 bytes result sent to driver
[2023-02-20 13:23:10,484] {spark_submit.py:495} INFO - 23/02/20 13:23:10 INFO TaskSetManager: Finished task 0.0 in stage 3.0 (TID 2) in 1873 ms on 3fe5f36a15f1 (executor driver) (1/1)
[2023-02-20 13:23:10,489] {spark_submit.py:495} INFO - 23/02/20 13:23:10 INFO TaskSchedulerImpl: Removed TaskSet 3.0, whose tasks have all completed, from pool
[2023-02-20 13:23:10,491] {spark_submit.py:495} INFO - 23/02/20 13:23:10 INFO DAGScheduler: ResultStage 3 (csv at NativeMethodAccessorImpl.java:0) finished in 1.915 s
[2023-02-20 13:23:10,493] {spark_submit.py:495} INFO - 23/02/20 13:23:10 INFO DAGScheduler: Job 2 is finished. Cancelling potential speculative or zombie tasks for this job
[2023-02-20 13:23:10,495] {spark_submit.py:495} INFO - 23/02/20 13:23:10 INFO TaskSchedulerImpl: Killing all running tasks in stage 3: Stage finished
[2023-02-20 13:23:10,495] {spark_submit.py:495} INFO - 23/02/20 13:23:10 INFO DAGScheduler: Job 2 finished: csv at NativeMethodAccessorImpl.java:0, took 1.930894 s
[2023-02-20 13:23:10,496] {spark_submit.py:495} INFO - 23/02/20 13:23:10 INFO FileFormatWriter: Start to commit write Job 72041915-4479-4c6f-ab78-40c9a88194f6.
[2023-02-20 13:23:10,754] {spark_submit.py:495} INFO - 23/02/20 13:23:10 INFO FileFormatWriter: Write Job 72041915-4479-4c6f-ab78-40c9a88194f6 committed. Elapsed time: 257 ms.
[2023-02-20 13:23:10,758] {spark_submit.py:495} INFO - 23/02/20 13:23:10 INFO FileFormatWriter: Finished processing stats for write job 72041915-4479-4c6f-ab78-40c9a88194f6.
[2023-02-20 13:23:12,318] {spark_submit.py:495} INFO - 23/02/20 13:23:12 INFO SparkContext: Invoking stop() from shutdown hook
[2023-02-20 13:23:12,433] {spark_submit.py:495} INFO - 23/02/20 13:23:12 INFO SparkUI: Stopped Spark web UI at http://3fe5f36a15f1:4040
[2023-02-20 13:23:12,487] {spark_submit.py:495} INFO - 23/02/20 13:23:12 INFO MapOutputTrackerMasterEndpoint: MapOutputTrackerMasterEndpoint stopped!
[2023-02-20 13:23:12,666] {spark_submit.py:495} INFO - 23/02/20 13:23:12 INFO MemoryStore: MemoryStore cleared
[2023-02-20 13:23:12,675] {spark_submit.py:495} INFO - 23/02/20 13:23:12 INFO BlockManager: BlockManager stopped
[2023-02-20 13:23:12,684] {spark_submit.py:495} INFO - 23/02/20 13:23:12 INFO BlockManagerMaster: BlockManagerMaster stopped
[2023-02-20 13:23:12,695] {spark_submit.py:495} INFO - 23/02/20 13:23:12 INFO OutputCommitCoordinator$OutputCommitCoordinatorEndpoint: OutputCommitCoordinator stopped!
[2023-02-20 13:23:12,709] {spark_submit.py:495} INFO - 23/02/20 13:23:12 INFO SparkContext: Successfully stopped SparkContext
[2023-02-20 13:23:12,711] {spark_submit.py:495} INFO - 23/02/20 13:23:12 INFO ShutdownHookManager: Shutdown hook called
[2023-02-20 13:23:12,712] {spark_submit.py:495} INFO - 23/02/20 13:23:12 INFO ShutdownHookManager: Deleting directory /tmp/spark-db1e10e3-783e-4b40-82c1-7a133bff196e
[2023-02-20 13:23:12,727] {spark_submit.py:495} INFO - 23/02/20 13:23:12 INFO ShutdownHookManager: Deleting directory /tmp/spark-b5a241e5-1a25-4696-bf03-e435e2e64fc4
[2023-02-20 13:23:12,751] {spark_submit.py:495} INFO - 23/02/20 13:23:12 INFO ShutdownHookManager: Deleting directory /tmp/spark-db1e10e3-783e-4b40-82c1-7a133bff196e/pyspark-d5d995c5-5a22-4095-bcdc-7dfa785bed40
[2023-02-20 13:23:26,110] {taskinstance.py:1400} INFO - Marking task as SUCCESS. dag_id=avg_product_price, task_id=spark_submit, execution_date=20230220T132131, start_date=20230220T132144, end_date=20230220T132326
[2023-02-20 13:23:27,362] {local_task_job.py:156} INFO - Task exited with return code 0
[2023-02-20 13:23:27,775] {local_task_job.py:273} INFO - 0 downstream tasks scheduled from follow-on schedule check
